#
# There is insufficient memory for the Java Runtime Environment to continue.
# Native memory allocation (mmap) failed to map 178257920 bytes for G1 virtual space
# Possible reasons:
#   The system is out of physical RAM or swap space
#   The process is running with CompressedOops enabled, and the Java Heap may be blocking the growth of the native heap
# Possible solutions:
#   Reduce memory load on the system
#   Increase physical memory or swap space
#   Check if swap backing store is full
#   Decrease Java heap size (-Xmx/-Xms)
#   Decrease number of Java threads
#   Decrease Java thread stack sizes (-Xss)
#   Set larger code cache with -XX:ReservedCodeCacheSize=
#   JVM is running with Zero Based Compressed Oops mode in which the Java heap is
#     placed in the first 32GB address space. The Java Heap base address is the
#     maximum limit for the native heap growth. Please use -XX:HeapBaseMinAddress
#     to set the Java Heap base and to place the Java Heap above 32GB virtual address.
# This output file may be truncated or incomplete.
#
#  Out of Memory Error (os_windows.cpp:3530), pid=12760, tid=18804
#
# JRE version: OpenJDK Runtime Environment Temurin-18.0.1+10 (18.0.1+10) (build 18.0.1+10)
# Java VM: OpenJDK 64-Bit Server VM Temurin-18.0.1+10 (18.0.1+10, mixed mode, emulated-client, tiered, compressed oops, compressed class ptrs, g1 gc, windows-amd64)
# No core dump will be written. Minidumps are not enabled by default on client versions of Windows
#

---------------  S U M M A R Y ------------

Command Line: -Dcom.sun.management.jmxremote -Dcom.sun.management.jmxremote.port=59686 -Dcom.sun.management.jmxremote.authenticate=false -Dcom.sun.management.jmxremote.ssl=false -Djava.rmi.server.hostname=localhost -Dspring.jmx.enabled=true -Dspring.application.admin.enabled=true -XX:TieredStopAtLevel=1 -Dspring.boot.project.name=BackEndEPaiment -Dfile.encoding=UTF-8 -XX:+ShowCodeDetailsInExceptionMessages com.efacture.dev.EfactureApplication --spring.output.ansi.enabled=always

Host: Intel(R) Core(TM) i7-10510U CPU @ 1.80GHz, 8 cores, 15G,  Windows 10 , 64 bit Build 19041 (10.0.19041.2364)
Time: Wed Dec 21 23:13:52 2022 Temps universel coordonné elapsed time: 3865.343029 seconds (0d 1h 4m 25s)

---------------  T H R E A D  ---------------

Current thread (0x000002014cbbfa70):  VMThread "VM Thread" [stack: 0x000000bb3c000000,0x000000bb3c100000] [id=18804]

Stack: [0x000000bb3c000000,0x000000bb3c100000]
Native frames: (J=compiled Java code, j=interpreted, Vv=VM code, C=native code)
V  [jvm.dll+0x69cd4a]
V  [jvm.dll+0x84b63d]
V  [jvm.dll+0x84cf4e]
V  [jvm.dll+0x84d603]
V  [jvm.dll+0x25f19f]
V  [jvm.dll+0x699bb9]
V  [jvm.dll+0x68e6ea]
V  [jvm.dll+0x324e1b]
V  [jvm.dll+0x32c826]
V  [jvm.dll+0x38127e]
V  [jvm.dll+0x3814af]
V  [jvm.dll+0x2fcaba]
V  [jvm.dll+0x2fcb67]
V  [jvm.dll+0x3412f2]
V  [jvm.dll+0x33f894]
V  [jvm.dll+0x2fc290]
V  [jvm.dll+0x33ee6b]
V  [jvm.dll+0x8523bb]
V  [jvm.dll+0x853154]
V  [jvm.dll+0x85368c]
V  [jvm.dll+0x853ae4]
V  [jvm.dll+0x853ba7]
V  [jvm.dll+0x7f814a]
V  [jvm.dll+0x69bba5]
C  [ucrtbase.dll+0x21bb2]
C  [KERNEL32.DLL+0x17614]
C  [ntdll.dll+0x526a1]

VM_Operation (0x000000bb3ccfa980): G1CollectForAllocation, mode: safepoint, requested by thread 0x00000201533e2080


---------------  P R O C E S S  ---------------

Threads class SMR info:
_java_thread_list=0x0000020158be1dc0, length=27, elements={
0x000002014cbc1ed0, 0x000002014cbc57d0, 0x000002014cc06000, 0x000002014cc06ec0,
0x000002015101a280, 0x000002015101cd50, 0x0000020151022e40, 0x0000020151023ae0,
0x000002015108ce70, 0x0000020151209460, 0x000002015183a240, 0x0000020151851cb0,
0x000002015188f2a0, 0x000002015184d3d0, 0x000002015190c780, 0x0000020151905d50,
0x00000201520646f0, 0x00000201520663d0, 0x00000201533e33c0, 0x00000201533e2550,
0x00000201533e2080, 0x00000201533e4230, 0x00000201533e3890, 0x00000201533e2a20,
0x00000201533e50a0, 0x00000201533e2ef0, 0x00000201589a74f0
}

Java Threads: ( => current thread )
  0x000002014cbc1ed0 JavaThread "Reference Handler" daemon [_thread_blocked, id=32, stack(0x000000bb3c100000,0x000000bb3c200000)]
  0x000002014cbc57d0 JavaThread "Finalizer" daemon [_thread_blocked, id=27936, stack(0x000000bb3c200000,0x000000bb3c300000)]
  0x000002014cc06000 JavaThread "Signal Dispatcher" daemon [_thread_blocked, id=25164, stack(0x000000bb3c300000,0x000000bb3c400000)]
  0x000002014cc06ec0 JavaThread "Attach Listener" daemon [_thread_blocked, id=13824, stack(0x000000bb3c400000,0x000000bb3c500000)]
  0x000002015101a280 JavaThread "Service Thread" daemon [_thread_blocked, id=3460, stack(0x000000bb3c500000,0x000000bb3c600000)]
  0x000002015101cd50 JavaThread "Monitor Deflation Thread" daemon [_thread_blocked, id=29408, stack(0x000000bb3c600000,0x000000bb3c700000)]
  0x0000020151022e40 JavaThread "C1 CompilerThread0" daemon [_thread_blocked, id=22752, stack(0x000000bb3c700000,0x000000bb3c800000)]
  0x0000020151023ae0 JavaThread "Sweeper thread" daemon [_thread_blocked, id=9384, stack(0x000000bb3c800000,0x000000bb3c900000)]
  0x000002015108ce70 JavaThread "Common-Cleaner" daemon [_thread_blocked, id=24776, stack(0x000000bb3c900000,0x000000bb3ca00000)]
  0x0000020151209460 JavaThread "Notification Thread" daemon [_thread_blocked, id=13296, stack(0x000000bb3cd00000,0x000000bb3ce00000)]
  0x000002015183a240 JavaThread "RMI TCP Accept-0" daemon [_thread_in_native, id=28324, stack(0x000000bb3ce00000,0x000000bb3cf00000)]
  0x0000020151851cb0 JavaThread "RMI TCP Accept-59686" daemon [_thread_in_native, id=10756, stack(0x000000bb3cf00000,0x000000bb3d000000)]
  0x000002015188f2a0 JavaThread "RMI TCP Accept-0" daemon [_thread_in_native, id=14696, stack(0x000000bb3d000000,0x000000bb3d100000)]
  0x000002015184d3d0 JavaThread "RMI Scheduler(0)" daemon [_thread_blocked, id=14300, stack(0x000000bb3d300000,0x000000bb3d400000)]
  0x000002015190c780 JavaThread "RMI TCP Connection(idle)" daemon [_thread_blocked, id=14440, stack(0x000000bb3d400000,0x000000bb3d500000)]
  0x0000020151905d50 JavaThread "JMX server connection timeout 22" daemon [_thread_blocked, id=26824, stack(0x000000bb3d500000,0x000000bb3d600000)]
  0x00000201520646f0 JavaThread "mysql-cj-abandoned-connection-cleanup" daemon [_thread_blocked, id=10820, stack(0x000000bb3e100000,0x000000bb3e200000)]
  0x00000201520663d0 JavaThread "Live Reload Server" daemon [_thread_in_native, id=18540, stack(0x000000bb3ea00000,0x000000bb3eb00000)]
  0x00000201533e33c0 JavaThread "DestroyJavaVM" [_thread_blocked, id=20924, stack(0x000000bb3ba00000,0x000000bb3bb00000)]
  0x00000201533e2550 JavaThread "Thread-27" [_thread_blocked, id=12896, stack(0x000000bb3cb00000,0x000000bb3cc00000)]
  0x00000201533e2080 JavaThread "restartedMain" [_thread_blocked, id=3156, stack(0x000000bb3cc00000,0x000000bb3cd00000)]
  0x00000201533e4230 JavaThread "HikariPool-8 housekeeper" daemon [_thread_blocked, id=28872, stack(0x000000bb3ca00000,0x000000bb3cb00000)]
  0x00000201533e3890 JavaThread "HikariPool-8 connection adder" daemon [_thread_in_native, id=8548, stack(0x000000bb3d200000,0x000000bb3d300000)]
  0x00000201533e2a20 JavaThread "Catalina-utility-1" [_thread_blocked, id=14788, stack(0x000000bb3df00000,0x000000bb3e000000)]
  0x00000201533e50a0 JavaThread "Catalina-utility-2" [_thread_blocked, id=20324, stack(0x000000bb3e000000,0x000000bb3e100000)]
  0x00000201533e2ef0 JavaThread "container-0" [_thread_blocked, id=29088, stack(0x000000bb3e300000,0x000000bb3e400000)]
  0x00000201589a74f0 JavaThread "C1 CompilerThread1" daemon [_thread_blocked, id=28740, stack(0x000000bb3e400000,0x000000bb3e500000)]

Other Threads:
=>0x000002014cbbfa70 VMThread "VM Thread" [stack: 0x000000bb3c000000,0x000000bb3c100000] [id=18804]
  0x000002015188f760 WatcherThread "VM Periodic Task Thread" [stack: 0x000000bb3d100000,0x000000bb3d200000] [id=2348]
  0x0000020138407480 WorkerThread "GC Thread#0" [stack: 0x000000bb3bb00000,0x000000bb3bc00000] [id=25360]
  0x0000020151f98290 WorkerThread "GC Thread#1" [stack: 0x000000bb3d600000,0x000000bb3d700000] [id=8144]
  0x0000020151a87c40 WorkerThread "GC Thread#2" [stack: 0x000000bb3d700000,0x000000bb3d800000] [id=12836]
  0x0000020151a87ee0 WorkerThread "GC Thread#3" [stack: 0x000000bb3d800000,0x000000bb3d900000] [id=22080]
  0x0000020151a88180 WorkerThread "GC Thread#4" [stack: 0x000000bb3d900000,0x000000bb3da00000] [id=14532]
  0x0000020151a7a6a0 WorkerThread "GC Thread#5" [stack: 0x000000bb3da00000,0x000000bb3db00000] [id=24744]
  0x000002015201c790 WorkerThread "GC Thread#6" [stack: 0x000000bb3db00000,0x000000bb3dc00000] [id=21724]
  0x000002015201ce40 WorkerThread "GC Thread#7" [stack: 0x000000bb3dc00000,0x000000bb3dd00000] [id=11924]
  0x0000020138418670 ConcurrentGCThread "G1 Main Marker" [stack: 0x000000bb3bc00000,0x000000bb3bd00000] [id=25152]
  0x0000020138419f80 WorkerThread "G1 Conc#0" [stack: 0x000000bb3bd00000,0x000000bb3be00000] [id=8156]
  0x000002015224e040 WorkerThread "G1 Conc#1" [stack: 0x000000bb3e200000,0x000000bb3e300000] [id=23780]
  0x000002014ca2a550 ConcurrentGCThread "G1 Refine#0" [stack: 0x000000bb3be00000,0x000000bb3bf00000] [id=4932]
  0x0000020151a7ad50 ConcurrentGCThread "G1 Refine#1" [stack: 0x000000bb3dd00000,0x000000bb3de00000] [id=29172]
  0x0000020151bfe9c0 ConcurrentGCThread "G1 Refine#2" [stack: 0x000000bb3de00000,0x000000bb3df00000] [id=5296]
  0x000002014ca2ad70 ConcurrentGCThread "G1 Service" [stack: 0x000000bb3bf00000,0x000000bb3c000000] [id=8848]

Threads with active compile tasks:

VM state: at safepoint (normal execution)

VM Mutex/Monitor currently owned by a thread:  ([mutex/lock_event])
[0x0000020138391f00] Threads_lock - owner thread: 0x000002014cbbfa70
[0x0000020138391210] Heap_lock - owner thread: 0x00000201533e2080

Heap address: 0x0000000703e00000, size: 4034 MB, Compressed Oops mode: Zero based, Oop shift amount: 3

CDS archive(s) not mapped
Compressed class space mapped at: 0x0000000800000000-0x0000000840000000, reserved size: 1073741824
Narrow klass base: 0x0000000800000000, Narrow klass shift: 0, Narrow klass range: 0x40000000

GC Precious Log:
 CardTable entry size: 512
 Card Set container configuration: InlinePtr #cards 4 size 8 Array Of Cards #cards 16 size 48 Howl #buckets 8 coarsen threshold 3686 Howl Bitmap #cards 512 size 80 coarsen threshold 460 Card regions per heap region 1 cards per card region 4096
 CPUs: 8 total, 8 available
 Memory: 16134M
 Large Page Support: Disabled
 NUMA Support: Disabled
 Compressed Oops: Enabled (Zero based)
 Heap Region Size: 2M
 Heap Min Capacity: 8M
 Heap Initial Capacity: 254M
 Heap Max Capacity: 4034M
 Pre-touch: Disabled
 Parallel Workers: 8
 Concurrent Workers: 2
 Concurrent Refinement Workers: 8
 Periodic GC: Disabled

Heap:
 garbage-first heap   total 159744K, used 47192K [0x0000000703e00000, 0x0000000800000000)
  region size 2048K, 3 young (6144K), 3 survivors (6144K)
 Metaspace       used 96244K, committed 97088K, reserved 1179648K
  class space    used 11686K, committed 12096K, reserved 1048576K

Heap Regions: E=young(eden), S=young(survivor), O=old, HS=humongous(starts), HC=humongous(continues), CS=collection set, F=free, OA=open archive, CA=closed archive, TAMS=top-at-mark-start (previous, next)
|   0|0x0000000703e00000, 0x0000000703ffff58, 0x0000000704000000| 99%| O|  |TAMS 0x0000000703ffff58, 0x0000000703e00000| Untracked 
|   1|0x0000000704000000, 0x00000007041fffd0, 0x0000000704200000| 99%| O|  |TAMS 0x00000007041fffd0, 0x0000000704000000| Untracked 
|   2|0x0000000704200000, 0x00000007043fffe0, 0x0000000704400000| 99%| O|  |TAMS 0x00000007043fffe0, 0x0000000704200000| Untracked 
|   3|0x0000000704400000, 0x00000007045ffff0, 0x0000000704600000| 99%| O|  |TAMS 0x00000007045ffff0, 0x0000000704400000| Untracked 
|   4|0x0000000704600000, 0x0000000704800000, 0x0000000704800000|100%| O|  |TAMS 0x0000000704800000, 0x0000000704600000| Untracked 
|   5|0x0000000704800000, 0x00000007049ffff8, 0x0000000704a00000| 99%| O|  |TAMS 0x00000007049ffff8, 0x0000000704800000| Untracked 
|   6|0x0000000704a00000, 0x0000000704bfffc8, 0x0000000704c00000| 99%| O|  |TAMS 0x0000000704bfffc8, 0x0000000704a00000| Untracked 
|   7|0x0000000704c00000, 0x0000000704dffff8, 0x0000000704e00000| 99%| O|  |TAMS 0x0000000704dffff8, 0x0000000704c00000| Untracked 
|   8|0x0000000704e00000, 0x0000000704fffff0, 0x0000000705000000| 99%| O|  |TAMS 0x0000000704fffff0, 0x0000000704e00000| Untracked 
|   9|0x0000000705000000, 0x00000007051ffff0, 0x0000000705200000| 99%| O|  |TAMS 0x00000007051ffff0, 0x0000000705000000| Untracked 
|  10|0x0000000705200000, 0x00000007053fff70, 0x0000000705400000| 99%| O|  |TAMS 0x00000007053fff70, 0x0000000705200000| Untracked 
|  11|0x0000000705400000, 0x00000007055ffff8, 0x0000000705600000| 99%| O|  |TAMS 0x0000000705400000, 0x0000000705400000| Untracked 
|  12|0x0000000705600000, 0x00000007057fffe8, 0x0000000705800000| 99%| O|  |TAMS 0x0000000705600000, 0x0000000705600000| Untracked 
|  13|0x0000000705800000, 0x00000007059ffff0, 0x0000000705a00000| 99%| O|  |TAMS 0x0000000705800000, 0x0000000705800000| Untracked 
|  14|0x0000000705a00000, 0x0000000705b8f3e8, 0x0000000705c00000| 77%| O|  |TAMS 0x0000000705a00000, 0x0000000705a00000| Untracked 
|  15|0x0000000705c00000, 0x0000000705c289f8, 0x0000000705e00000|  7%| O|  |TAMS 0x0000000705c00000, 0x0000000705c00000| Untracked 
|  16|0x0000000705e00000, 0x0000000706000000, 0x0000000706000000|100%| O|  |TAMS 0x0000000705e00000, 0x0000000705e00000| Untracked 
|  17|0x0000000706000000, 0x00000007061e0cb8, 0x0000000706200000| 93%| O|  |TAMS 0x0000000706000000, 0x0000000706000000| Untracked 
|  18|0x0000000706200000, 0x0000000706400000, 0x0000000706400000|100%| O|  |TAMS 0x0000000706200000, 0x0000000706200000| Untracked 
|  19|0x0000000706400000, 0x0000000706600000, 0x0000000706600000|100%| O|  |TAMS 0x0000000706400000, 0x0000000706400000| Untracked 
|  20|0x0000000706600000, 0x00000007066b5200, 0x0000000706800000| 35%| O|  |TAMS 0x0000000706600000, 0x0000000706600000| Untracked 
|  21|0x0000000706800000, 0x0000000706988260, 0x0000000706a00000| 76%| O|  |TAMS 0x0000000706800000, 0x0000000706800000| Untracked 
|  22|0x0000000706a00000, 0x0000000706a00000, 0x0000000706c00000|  0%| F|  |TAMS 0x0000000706a00000, 0x0000000706a00000| Untracked 
|  23|0x0000000706c00000, 0x0000000706c52550, 0x0000000706e00000| 16%| O|  |TAMS 0x0000000706c00000, 0x0000000706c00000| Untracked 
|  24|0x0000000706e00000, 0x0000000706e00000, 0x0000000707000000|  0%| F|  |TAMS 0x0000000706e00000, 0x0000000706e00000| Untracked 
|  25|0x0000000707000000, 0x0000000707000000, 0x0000000707200000|  0%| F|  |TAMS 0x0000000707000000, 0x0000000707000000| Untracked 
|  26|0x0000000707200000, 0x0000000707200000, 0x0000000707400000|  0%| F|  |TAMS 0x0000000707200000, 0x0000000707200000| Untracked 
|  27|0x0000000707400000, 0x0000000707400000, 0x0000000707600000|  0%| F|  |TAMS 0x0000000707400000, 0x0000000707400000| Untracked 
|  28|0x0000000707600000, 0x0000000707600000, 0x0000000707800000|  0%| F|  |TAMS 0x0000000707600000, 0x0000000707600000| Untracked 
|  29|0x0000000707800000, 0x0000000707800000, 0x0000000707a00000|  0%| F|  |TAMS 0x0000000707800000, 0x0000000707800000| Untracked 
|  30|0x0000000707a00000, 0x0000000707a00000, 0x0000000707c00000|  0%| F|  |TAMS 0x0000000707a00000, 0x0000000707a00000| Untracked 
|  31|0x0000000707c00000, 0x0000000707c00000, 0x0000000707e00000|  0%| F|  |TAMS 0x0000000707c00000, 0x0000000707c00000| Untracked 
|  32|0x0000000707e00000, 0x0000000707e00000, 0x0000000708000000|  0%| F|  |TAMS 0x0000000707e00000, 0x0000000707e00000| Untracked 
|  33|0x0000000708000000, 0x00000007081ed380, 0x0000000708200000| 96%| S|CS|TAMS 0x0000000708000000, 0x0000000708000000| Complete 
|  34|0x0000000708200000, 0x0000000708400000, 0x0000000708400000|100%| S|CS|TAMS 0x0000000708200000, 0x0000000708200000| Complete 
|  35|0x0000000708400000, 0x0000000708600000, 0x0000000708600000|100%| S|CS|TAMS 0x0000000708400000, 0x0000000708400000| Complete 
|  36|0x0000000708600000, 0x0000000708600000, 0x0000000708800000|  0%| F|  |TAMS 0x0000000708600000, 0x0000000708600000| Untracked 
|  37|0x0000000708800000, 0x0000000708800000, 0x0000000708a00000|  0%| F|  |TAMS 0x0000000708800000, 0x0000000708800000| Untracked 
|  38|0x0000000708a00000, 0x0000000708a00000, 0x0000000708c00000|  0%| F|  |TAMS 0x0000000708a00000, 0x0000000708a00000| Untracked 
|  39|0x0000000708c00000, 0x0000000708c00000, 0x0000000708e00000|  0%| F|  |TAMS 0x0000000708c00000, 0x0000000708c00000| Untracked 
|  40|0x0000000708e00000, 0x0000000708e00000, 0x0000000709000000|  0%| F|  |TAMS 0x0000000708e00000, 0x0000000708e00000| Untracked 
|  41|0x0000000709000000, 0x0000000709000000, 0x0000000709200000|  0%| F|  |TAMS 0x0000000709000000, 0x0000000709000000| Untracked 
|  42|0x0000000709200000, 0x0000000709200000, 0x0000000709400000|  0%| F|  |TAMS 0x0000000709200000, 0x0000000709200000| Untracked 
|  43|0x0000000709400000, 0x0000000709400000, 0x0000000709600000|  0%| F|  |TAMS 0x0000000709400000, 0x0000000709400000| Untracked 
|  44|0x0000000709600000, 0x0000000709600000, 0x0000000709800000|  0%| F|  |TAMS 0x0000000709600000, 0x0000000709600000| Untracked 
|  45|0x0000000709800000, 0x0000000709800000, 0x0000000709a00000|  0%| F|  |TAMS 0x0000000709800000, 0x0000000709800000| Untracked 
|  46|0x0000000709a00000, 0x0000000709a00000, 0x0000000709c00000|  0%| F|  |TAMS 0x0000000709a00000, 0x0000000709a00000| Untracked 
|  47|0x0000000709c00000, 0x0000000709c00000, 0x0000000709e00000|  0%| F|  |TAMS 0x0000000709c00000, 0x0000000709c00000| Untracked 
|  48|0x0000000709e00000, 0x0000000709e00000, 0x000000070a000000|  0%| F|  |TAMS 0x0000000709e00000, 0x0000000709e00000| Untracked 
|  49|0x000000070a000000, 0x000000070a000000, 0x000000070a200000|  0%| F|  |TAMS 0x000000070a000000, 0x000000070a000000| Untracked 
|  50|0x000000070a200000, 0x000000070a200000, 0x000000070a400000|  0%| F|  |TAMS 0x000000070a200000, 0x000000070a200000| Untracked 
|  51|0x000000070a400000, 0x000000070a400000, 0x000000070a600000|  0%| F|  |TAMS 0x000000070a400000, 0x000000070a400000| Untracked 
|  52|0x000000070a600000, 0x000000070a600000, 0x000000070a800000|  0%| F|  |TAMS 0x000000070a600000, 0x000000070a600000| Untracked 
|  53|0x000000070a800000, 0x000000070a800000, 0x000000070aa00000|  0%| F|  |TAMS 0x000000070a800000, 0x000000070a800000| Untracked 
|  54|0x000000070aa00000, 0x000000070aa00000, 0x000000070ac00000|  0%| F|  |TAMS 0x000000070aa00000, 0x000000070aa00000| Untracked 
|  55|0x000000070ac00000, 0x000000070ac00000, 0x000000070ae00000|  0%| F|  |TAMS 0x000000070ac00000, 0x000000070ac00000| Untracked 
|  56|0x000000070ae00000, 0x000000070ae00000, 0x000000070b000000|  0%| F|  |TAMS 0x000000070ae00000, 0x000000070ae00000| Untracked 
|  57|0x000000070b000000, 0x000000070b000000, 0x000000070b200000|  0%| F|  |TAMS 0x000000070b000000, 0x000000070b000000| Untracked 
|  58|0x000000070b200000, 0x000000070b200000, 0x000000070b400000|  0%| F|  |TAMS 0x000000070b200000, 0x000000070b200000| Untracked 
|  59|0x000000070b400000, 0x000000070b400000, 0x000000070b600000|  0%| F|  |TAMS 0x000000070b400000, 0x000000070b400000| Untracked 
|  60|0x000000070b600000, 0x000000070b600000, 0x000000070b800000|  0%| F|  |TAMS 0x000000070b600000, 0x000000070b600000| Untracked 
|  61|0x000000070b800000, 0x000000070b800000, 0x000000070ba00000|  0%| F|  |TAMS 0x000000070b800000, 0x000000070b800000| Untracked 
|  62|0x000000070ba00000, 0x000000070ba00000, 0x000000070bc00000|  0%| F|  |TAMS 0x000000070ba00000, 0x000000070ba00000| Untracked 
|  63|0x000000070bc00000, 0x000000070bc00000, 0x000000070be00000|  0%| F|  |TAMS 0x000000070bc00000, 0x000000070bc00000| Untracked 
|  64|0x000000070be00000, 0x000000070be00000, 0x000000070c000000|  0%| F|  |TAMS 0x000000070be00000, 0x000000070be00000| Untracked 
|  65|0x000000070c000000, 0x000000070c000000, 0x000000070c200000|  0%| F|  |TAMS 0x000000070c000000, 0x000000070c000000| Untracked 
|  66|0x000000070c200000, 0x000000070c200000, 0x000000070c400000|  0%| F|  |TAMS 0x000000070c200000, 0x000000070c200000| Untracked 
|  67|0x000000070c400000, 0x000000070c400000, 0x000000070c600000|  0%| F|  |TAMS 0x000000070c400000, 0x000000070c400000| Untracked 
|  68|0x000000070c600000, 0x000000070c600000, 0x000000070c800000|  0%| F|  |TAMS 0x000000070c600000, 0x000000070c600000| Untracked 
|  69|0x000000070c800000, 0x000000070c800000, 0x000000070ca00000|  0%| F|  |TAMS 0x000000070c800000, 0x000000070c800000| Untracked 
|  70|0x000000070ca00000, 0x000000070ca00000, 0x000000070cc00000|  0%| F|  |TAMS 0x000000070ca00000, 0x000000070ca00000| Untracked 
|  71|0x000000070cc00000, 0x000000070cc00000, 0x000000070ce00000|  0%| F|  |TAMS 0x000000070cc00000, 0x000000070cc00000| Untracked 
|  72|0x000000070ce00000, 0x000000070ce00000, 0x000000070d000000|  0%| F|  |TAMS 0x000000070ce00000, 0x000000070ce00000| Untracked 
|  73|0x000000070d000000, 0x000000070d000000, 0x000000070d200000|  0%| F|  |TAMS 0x000000070d000000, 0x000000070d000000| Untracked 
|  74|0x000000070d200000, 0x000000070d200000, 0x000000070d400000|  0%| F|  |TAMS 0x000000070d200000, 0x000000070d200000| Untracked 
|  75|0x000000070d400000, 0x000000070d400000, 0x000000070d600000|  0%| F|  |TAMS 0x000000070d400000, 0x000000070d400000| Untracked 
|  76|0x000000070d600000, 0x000000070d600000, 0x000000070d800000|  0%| F|  |TAMS 0x000000070d600000, 0x000000070d600000| Untracked 
|  77|0x000000070d800000, 0x000000070d800ca8, 0x000000070da00000|  0%| O|  |TAMS 0x000000070d800000, 0x000000070d800000| Untracked 

Card table byte_map: [0x00000201412e0000,0x0000020141ad0000] _byte_map_base: 0x000002013dac1000

Marking Bits (Prev, Next): (CMBitMap*) 0x0000020138407990, (CMBitMap*) 0x00000201384079d0
 Prev Bits: [0x00000201422c0000, 0x00000201461c8000)
 Next Bits: [0x00000201461d0000, 0x000002014a0d8000)

Polling page: 0x0000020138210000

Metaspace:

Usage:
  Non-class:     82.58 MB used.
      Class:     11.41 MB used.
       Both:     93.99 MB used.

Virtual space:
  Non-class space:      128.00 MB reserved,      83.00 MB ( 65%) committed,  2 nodes.
      Class space:        1.00 GB reserved,      11.81 MB (  1%) committed,  1 nodes.
             Both:        1.12 GB reserved,      94.81 MB (  8%) committed. 

Chunk freelists:
   Non-Class:  560.00 KB
       Class:  209.00 KB
        Both:  769.00 KB

MaxMetaspaceSize: unlimited
CompressedClassSpaceSize: 1.00 GB
Initial GC threshold: 21.00 MB
Current GC threshold: 154.31 MB
CDS: off
MetaspaceReclaimPolicy: balanced
 - commit_granule_bytes: 65536.
 - commit_granule_words: 8192.
 - virtual_space_node_default_size: 8388608.
 - enlarge_chunks_in_place: 1.
 - new_chunks_are_fully_committed: 0.
 - uncommit_free_chunks: 1.
 - use_allocation_guard: 0.


Internal statistics:

num_allocs_failed_limit: 11.
num_arena_births: 1940.
num_arena_deaths: 878.
num_vsnodes_births: 3.
num_vsnodes_deaths: 0.
num_space_committed: 1517.
num_space_uncommitted: 0.
num_chunks_returned_to_freelist: 1014.
num_chunks_taken_from_freelist: 5851.
num_chunk_merges: 282.
num_chunk_splits: 3595.
num_chunks_enlarged: 2664.
num_inconsistent_stats: 0.

CodeCache: size=49152Kb used=31009Kb max_used=31324Kb free=18142Kb
 bounds [0x000002013d210000, 0x000002013f0c0000, 0x0000020140210000]
 total_blobs=17912 nmethods=17196 adapters=639
 compilation: enabled
              stopped_count=0, restarted_count=0
 full_count=0

Compilation events (20 events):
Event: 3864.715 Thread 0x00000201589a74f0 nmethod 17307 0x000002013f006a10 code [0x000002013f006ba0, 0x000002013f006c78]
Event: 3864.715 Thread 0x0000020151022e40 nmethod 17308 0x000002013f006710 code [0x000002013f0068a0, 0x000002013f006978]
Event: 3865.003 Thread 0x0000020151022e40 17309       1       java.lang.ClassLoader::getName (5 bytes)
Event: 3865.003 Thread 0x0000020151022e40 nmethod 17309 0x000002013f006410 code [0x000002013f0065a0, 0x000002013f006678]
Event: 3865.010 Thread 0x0000020151022e40 17310       1       com.fasterxml.jackson.databind.Module::<init> (5 bytes)
Event: 3865.010 Thread 0x0000020151022e40 nmethod 17310 0x000002013f006110 code [0x000002013f0062a0, 0x000002013f006358]
Event: 3865.161 Thread 0x0000020151022e40 17311       1       java.beans.MethodDescriptor::<init> (111 bytes)
Event: 3865.161 Thread 0x00000201589a74f0 17312       1       java.beans.MethodDescriptor::resolve (32 bytes)
Event: 3865.161 Thread 0x00000201589a74f0 nmethod 17312 0x000002013f005d10 code [0x000002013f005ea0, 0x000002013f006018]
Event: 3865.162 Thread 0x0000020151022e40 nmethod 17311 0x000002013f005390 code [0x000002013f005580, 0x000002013f005b38]
Event: 3865.192 Thread 0x0000020151022e40 17313   !   1       jdk.proxy11.$Proxy368::getDelegate (29 bytes)
Event: 3865.193 Thread 0x0000020151022e40 nmethod 17313 0x000002013f004f10 code [0x000002013f0050c0, 0x000002013f005298]
Event: 3865.231 Thread 0x0000020151022e40 17314       1       java.util.Properties::isEmpty (8 bytes)
Event: 3865.231 Thread 0x0000020151022e40 nmethod 17314 0x000002013f004b90 code [0x000002013f004d20, 0x000002013f004e28]
Event: 3865.258 Thread 0x00000201589a74f0 17315       1       java.lang.invoke.LambdaForm$DMH/0x0000000800238800::invokeInterface (28 bytes)
Event: 3865.259 Thread 0x00000201589a74f0 nmethod 17315 0x000002013f004710 code [0x000002013f0048c0, 0x000002013f004a48]
Event: 3865.268 Thread 0x0000020151022e40 17316       1       org.springframework.data.mapping.context.AbstractMappingContext$PersistentPropertyFilter$$Lambda$900/0x00000008007663d0::test (12 bytes)
Event: 3865.268 Thread 0x00000201589a74f0 17317       1       org.springframework.data.mapping.context.AbstractMappingContext$PersistentPropertyFilter::lambda$matches$1 (13 bytes)
Event: 3865.269 Thread 0x00000201589a74f0 nmethod 17317 0x000002013f004190 code [0x000002013f004340, 0x000002013f004548]
Event: 3865.269 Thread 0x0000020151022e40 nmethod 17316 0x000002013f003b90 code [0x000002013f003d60, 0x000002013f003fc8]

GC Heap History (20 events):
Event: 3850.730 GC heap after
{Heap after GC invocations=91 (full 6):
 garbage-first heap   total 157696K, used 44736K [0x0000000703e00000, 0x0000000800000000)
  region size 2048K, 4 young (8192K), 4 survivors (8192K)
 Metaspace       used 93379K, committed 94208K, reserved 1179648K
  class space    used 11474K, committed 11904K, reserved 1048576K
}
Event: 3851.158 GC heap before
{Heap before GC invocations=91 (full 6):
 garbage-first heap   total 157696K, used 120512K [0x0000000703e00000, 0x0000000800000000)
  region size 2048K, 41 young (83968K), 4 survivors (8192K)
 Metaspace       used 93710K, committed 94528K, reserved 1179648K
  class space    used 11493K, committed 11904K, reserved 1048576K
}
Event: 3851.165 GC heap after
{Heap after GC invocations=92 (full 6):
 garbage-first heap   total 157696K, used 46641K [0x0000000703e00000, 0x0000000800000000)
  region size 2048K, 4 young (8192K), 4 survivors (8192K)
 Metaspace       used 93710K, committed 94528K, reserved 1179648K
  class space    used 11493K, committed 11904K, reserved 1048576K
}
Event: 3852.038 GC heap before
{Heap before GC invocations=92 (full 6):
 garbage-first heap   total 157696K, used 124465K [0x0000000703e00000, 0x0000000800000000)
  region size 2048K, 42 young (86016K), 4 survivors (8192K)
 Metaspace       used 93999K, committed 94784K, reserved 1179648K
  class space    used 11512K, committed 11904K, reserved 1048576K
}
Event: 3852.048 GC heap after
{Heap after GC invocations=93 (full 6):
 garbage-first heap   total 157696K, used 50138K [0x0000000703e00000, 0x0000000800000000)
  region size 2048K, 5 young (10240K), 5 survivors (10240K)
 Metaspace       used 93999K, committed 94784K, reserved 1179648K
  class space    used 11512K, committed 11904K, reserved 1048576K
}
Event: 3852.479 GC heap before
{Heap before GC invocations=93 (full 6):
 garbage-first heap   total 157696K, used 123866K [0x0000000703e00000, 0x0000000800000000)
  region size 2048K, 41 young (83968K), 5 survivors (10240K)
 Metaspace       used 94002K, committed 94784K, reserved 1179648K
  class space    used 11512K, committed 11904K, reserved 1048576K
}
Event: 3852.488 GC heap after
{Heap after GC invocations=94 (full 6):
 garbage-first heap   total 157696K, used 51251K [0x0000000703e00000, 0x0000000800000000)
  region size 2048K, 4 young (8192K), 4 survivors (8192K)
 Metaspace       used 94002K, committed 94784K, reserved 1179648K
  class space    used 11512K, committed 11904K, reserved 1048576K
}
Event: 3860.921 GC heap before
{Heap before GC invocations=94 (full 6):
 garbage-first heap   total 157696K, used 124979K [0x0000000703e00000, 0x0000000800000000)
  region size 2048K, 40 young (81920K), 4 survivors (8192K)
 Metaspace       used 94006K, committed 94784K, reserved 1179648K
  class space    used 11512K, committed 11904K, reserved 1048576K
}
Event: 3860.929 GC heap after
{Heap after GC invocations=95 (full 6):
 garbage-first heap   total 190464K, used 51030K [0x0000000703e00000, 0x0000000800000000)
  region size 2048K, 3 young (6144K), 3 survivors (6144K)
 Metaspace       used 94006K, committed 94784K, reserved 1179648K
  class space    used 11512K, committed 11904K, reserved 1048576K
}
Event: 3860.963 GC heap before
{Heap before GC invocations=95 (full 6):
 garbage-first heap   total 190464K, used 53078K [0x0000000703e00000, 0x0000000800000000)
  region size 2048K, 5 young (10240K), 3 survivors (6144K)
 Metaspace       used 94009K, committed 94784K, reserved 1179648K
  class space    used 11513K, committed 11904K, reserved 1048576K
}
Event: 3861.055 GC heap after
{Heap after GC invocations=96 (full 7):
 garbage-first heap   total 137216K, used 34255K [0x0000000703e00000, 0x0000000800000000)
  region size 2048K, 0 young (0K), 0 survivors (0K)
 Metaspace       used 93956K, committed 94784K, reserved 1179648K
  class space    used 11503K, committed 11904K, reserved 1048576K
}
Event: 3863.097 GC heap before
{Heap before GC invocations=96 (full 7):
 garbage-first heap   total 137216K, used 107983K [0x0000000703e00000, 0x0000000800000000)
  region size 2048K, 36 young (73728K), 0 survivors (0K)
 Metaspace       used 94745K, committed 95552K, reserved 1179648K
  class space    used 11590K, committed 11968K, reserved 1048576K
}
Event: 3863.110 GC heap after
{Heap after GC invocations=97 (full 7):
 garbage-first heap   total 137216K, used 39843K [0x0000000703e00000, 0x0000000800000000)
  region size 2048K, 3 young (6144K), 3 survivors (6144K)
 Metaspace       used 94745K, committed 95552K, reserved 1179648K
  class space    used 11590K, committed 11968K, reserved 1048576K
}
Event: 3863.796 GC heap before
{Heap before GC invocations=97 (full 7):
 garbage-first heap   total 137216K, used 107427K [0x0000000703e00000, 0x0000000800000000)
  region size 2048K, 36 young (73728K), 3 survivors (6144K)
 Metaspace       used 95229K, committed 96064K, reserved 1179648K
  class space    used 11622K, committed 12032K, reserved 1048576K
}
Event: 3863.804 GC heap after
{Heap after GC invocations=98 (full 7):
 garbage-first heap   total 137216K, used 41775K [0x0000000703e00000, 0x0000000800000000)
  region size 2048K, 2 young (4096K), 2 survivors (4096K)
 Metaspace       used 95229K, committed 96064K, reserved 1179648K
  class space    used 11622K, committed 12032K, reserved 1048576K
}
Event: 3864.253 GC heap before
{Heap before GC invocations=98 (full 7):
 garbage-first heap   total 137216K, used 105263K [0x0000000703e00000, 0x0000000800000000)
  region size 2048K, 33 young (67584K), 2 survivors (4096K)
 Metaspace       used 95534K, committed 96320K, reserved 1179648K
  class space    used 11638K, committed 12032K, reserved 1048576K
}
Event: 3864.258 GC heap after
{Heap after GC invocations=99 (full 7):
 garbage-first heap   total 137216K, used 43103K [0x0000000703e00000, 0x0000000800000000)
  region size 2048K, 2 young (4096K), 2 survivors (4096K)
 Metaspace       used 95534K, committed 96320K, reserved 1179648K
  class space    used 11638K, committed 12032K, reserved 1048576K
}
Event: 3864.834 GC heap before
{Heap before GC invocations=99 (full 7):
 garbage-first heap   total 137216K, used 106591K [0x0000000703e00000, 0x0000000800000000)
  region size 2048K, 33 young (67584K), 2 survivors (4096K)
 Metaspace       used 95911K, committed 96768K, reserved 1179648K
  class space    used 11666K, committed 12096K, reserved 1048576K
}
Event: 3864.840 GC heap after
{Heap after GC invocations=100 (full 7):
 garbage-first heap   total 137216K, used 45078K [0x0000000703e00000, 0x0000000800000000)
  region size 2048K, 3 young (6144K), 3 survivors (6144K)
 Metaspace       used 95911K, committed 96768K, reserved 1179648K
  class space    used 11666K, committed 12096K, reserved 1048576K
}
Event: 3865.326 GC heap before
{Heap before GC invocations=100 (full 7):
 garbage-first heap   total 137216K, used 106518K [0x0000000703e00000, 0x0000000800000000)
  region size 2048K, 33 young (67584K), 3 survivors (6144K)
 Metaspace       used 96244K, committed 97088K, reserved 1179648K
  class space    used 11686K, committed 12096K, reserved 1048576K
}

Deoptimization events (20 events):
Event: 14.507 Thread 0x0000020152065560 DEOPT PACKING pc=0x000002013dbae625 sp=0x000000bb3e0fc260
Event: 14.507 Thread 0x0000020152065560 DEOPT UNPACKING pc=0x000002013d262b43 sp=0x000000bb3e0fb7c8 mode 3
Event: 14.906 Thread 0x0000020152065560 DEOPT PACKING pc=0x000002013d801cd2 sp=0x000000bb3e0fb820
Event: 14.907 Thread 0x0000020152065560 DEOPT UNPACKING pc=0x000002013d262b43 sp=0x000000bb3e0fad28 mode 3
Event: 15.021 Thread 0x0000020152065560 DEOPT PACKING pc=0x000002013def1379 sp=0x000000bb3e0fbfe0
Event: 15.021 Thread 0x0000020152065560 DEOPT UNPACKING pc=0x000002013d262b43 sp=0x000000bb3e0fb4c0 mode 3
Event: 17.939 Thread 0x0000020152065560 DEOPT PACKING pc=0x000002013db83011 sp=0x000000bb3e0fd750
Event: 17.940 Thread 0x0000020152065560 DEOPT UNPACKING pc=0x000002013d262b43 sp=0x000000bb3e0fcc18 mode 0
Event: 17.950 Thread 0x0000020152065560 DEOPT PACKING pc=0x000002013daa615c sp=0x000000bb3e0fd960
Event: 17.950 Thread 0x0000020152065560 DEOPT UNPACKING pc=0x000002013d262b43 sp=0x000000bb3e0fcee8 mode 0
Event: 44.639 Thread 0x00000201533e4230 DEOPT PACKING pc=0x000002013d3d9030 sp=0x000000bb3edfb730
Event: 44.639 Thread 0x00000201533e4230 DEOPT UNPACKING pc=0x000002013d262b43 sp=0x000000bb3edfac38 mode 3
Event: 86.867 Thread 0x00000201533e50a0 DEOPT PACKING pc=0x000002013e360621 sp=0x000000bb3caf8930
Event: 86.867 Thread 0x00000201533e50a0 DEOPT UNPACKING pc=0x000002013d262b43 sp=0x000000bb3caf7ee0 mode 3
Event: 104.272 Thread 0x00000201533e4230 DEOPT PACKING pc=0x000002013e43a6d2 sp=0x000000bb3edfccb0
Event: 104.273 Thread 0x00000201533e4230 DEOPT UNPACKING pc=0x000002013d262b43 sp=0x000000bb3edfc198 mode 3
Event: 2978.537 Thread 0x0000020152067240 DEOPT PACKING pc=0x000002013d4982d4 sp=0x000000bb3b9fb750
Event: 2978.537 Thread 0x0000020152067240 DEOPT UNPACKING pc=0x000002013d262b43 sp=0x000000bb3b9fabe8 mode 3
Event: 2981.880 Thread 0x0000020152067240 DEOPT PACKING pc=0x000002013ebadb14 sp=0x000000bb3b9fcd00
Event: 2981.880 Thread 0x0000020152067240 DEOPT UNPACKING pc=0x000002013d262b43 sp=0x000000bb3b9fc1c8 mode 3

Classes loaded (20 events):
Event: 3865.119 Loading class java/lang/ObjectCustomizer
Event: 3865.119 Loading class java/lang/ObjectCustomizer done
Event: 3865.119 Loading class java/lang/ObjectCustomizer
Event: 3865.119 Loading class java/lang/ObjectCustomizer done
Event: 3865.160 Loading class java/lang/ObjectCustomizer
Event: 3865.160 Loading class java/lang/ObjectCustomizer done
Event: 3865.160 Loading class java/lang/ObjectCustomizer
Event: 3865.160 Loading class java/lang/ObjectCustomizer done
Event: 3865.193 Loading class java/lang/ObjectCustomizer
Event: 3865.193 Loading class java/lang/ObjectCustomizer done
Event: 3865.193 Loading class java/lang/ObjectCustomizer
Event: 3865.193 Loading class java/lang/ObjectCustomizer done
Event: 3865.265 Loading class java/lang/ObjectCustomizer
Event: 3865.265 Loading class java/lang/ObjectCustomizer done
Event: 3865.265 Loading class java/lang/ObjectCustomizer
Event: 3865.265 Loading class java/lang/ObjectCustomizer done
Event: 3865.301 Loading class java/lang/ObjectCustomizer
Event: 3865.301 Loading class java/lang/ObjectCustomizer done
Event: 3865.301 Loading class java/lang/ObjectCustomizer
Event: 3865.301 Loading class java/lang/ObjectCustomizer done

Classes unloaded (20 events):
Event: 3860.989 Thread 0x000002014cbbfa70 Unloading class 0x0000000800b9c000 'jdk/internal/reflect/GeneratedSerializationConstructorAccessor73'
Event: 3860.989 Thread 0x000002014cbbfa70 Unloading class 0x0000000800b90c00 'jdk/internal/reflect/GeneratedSerializationConstructorAccessor72'
Event: 3860.989 Thread 0x000002014cbbfa70 Unloading class 0x0000000800b90800 'jdk/internal/reflect/GeneratedSerializationConstructorAccessor71'
Event: 3860.989 Thread 0x000002014cbbfa70 Unloading class 0x0000000800b8b400 'jdk/internal/reflect/GeneratedSerializationConstructorAccessor70'
Event: 3860.989 Thread 0x000002014cbbfa70 Unloading class 0x0000000800b88c00 'jdk/internal/reflect/GeneratedSerializationConstructorAccessor69'
Event: 3860.989 Thread 0x000002014cbbfa70 Unloading class 0x0000000800b88400 'jdk/internal/reflect/GeneratedSerializationConstructorAccessor68'
Event: 3860.989 Thread 0x000002014cbbfa70 Unloading class 0x0000000800b88000 'jdk/internal/reflect/GeneratedSerializationConstructorAccessor67'
Event: 3860.990 Thread 0x000002014cbbfa70 Unloading class 0x0000000800b62800 'java/lang/invoke/LambdaForm$MH+0x0000000800b62800'
Event: 3860.990 Thread 0x000002014cbbfa70 Unloading class 0x0000000800b62400 'java/lang/invoke/LambdaForm$MH+0x0000000800b62400'
Event: 3860.990 Thread 0x000002014cbbfa70 Unloading class 0x0000000800b61c00 'java/lang/invoke/LambdaForm$MH+0x0000000800b61c00'
Event: 3860.990 Thread 0x000002014cbbfa70 Unloading class 0x0000000800b61800 'java/lang/invoke/LambdaForm$MH+0x0000000800b61800'
Event: 3860.990 Thread 0x000002014cbbfa70 Unloading class 0x0000000800b61400 'java/lang/invoke/LambdaForm$MH+0x0000000800b61400'
Event: 3860.990 Thread 0x000002014cbbfa70 Unloading class 0x0000000800b61000 'java/lang/invoke/LambdaForm$MH+0x0000000800b61000'
Event: 3860.990 Thread 0x000002014cbbfa70 Unloading class 0x0000000800b60c00 'java/lang/invoke/LambdaForm$MH+0x0000000800b60c00'
Event: 3860.990 Thread 0x000002014cbbfa70 Unloading class 0x0000000800b60800 'java/lang/invoke/LambdaForm$MH+0x0000000800b60800'
Event: 3860.990 Thread 0x000002014cbbfa70 Unloading class 0x0000000800b60400 'java/lang/invoke/LambdaForm$MH+0x0000000800b60400'
Event: 3860.990 Thread 0x000002014cbbfa70 Unloading class 0x0000000800b60000 'java/lang/invoke/LambdaForm$MH+0x0000000800b60000'
Event: 3860.990 Thread 0x000002014cbbfa70 Unloading class 0x0000000800b70800 'org/apache/catalina/loader/JdbcLeakPrevention'
Event: 3860.990 Thread 0x000002014cbbfa70 Unloading class 0x0000000800ae9000 'java/lang/invoke/LambdaForm$MH+0x0000000800ae9000'
Event: 3860.990 Thread 0x000002014cbbfa70 Unloading class 0x0000000800a81800 'java/lang/invoke/LambdaForm$MH+0x0000000800a81800'

Classes redefined (0 events):
No events

Internal exceptions (20 events):
Event: 3864.891 Thread 0x00000201533e2080 Exception <a 'java/lang/ClassNotFoundException'{0x000000070ba36628}: java/lang/ObjectCustomizer> (0x000000070ba36628) 
thrown [s\src\hotspot\share\classfile\systemDictionary.cpp, line 255]
Event: 3864.892 Thread 0x00000201533e2080 Exception <a 'java/lang/ClassNotFoundException'{0x000000070ba3eb10}: com/efacture/dev/model/TamponFactureCustomizer> (0x000000070ba3eb10) 
thrown [s\src\hotspot\share\classfile\systemDictionary.cpp, line 255]
Event: 3864.927 Thread 0x00000201533e2080 Exception <a 'java/lang/ClassNotFoundException'{0x000000070b64b298}: java/lang/ObjectCustomizer> (0x000000070b64b298) 
thrown [s\src\hotspot\share\classfile\systemDictionary.cpp, line 255]
Event: 3864.929 Thread 0x00000201533e2080 Exception <a 'java/lang/ClassNotFoundException'{0x000000070b652f58}: com/efacture/dev/conttroller/AuthenticationControllerCustomizer> (0x000000070b652f58) 
thrown [s\src\hotspot\share\classfile\systemDictionary.cpp, line 255]
Event: 3864.948 Thread 0x00000201533e2080 Exception <a 'java/lang/ClassNotFoundException'{0x000000070b6facc0}: java/lang/ObjectCustomizer> (0x000000070b6facc0) 
thrown [s\src\hotspot\share\classfile\systemDictionary.cpp, line 255]
Event: 3864.949 Thread 0x00000201533e2080 Exception <a 'java/lang/ClassNotFoundException'{0x000000070b71ac90}: com/efacture/dev/model/ComptesCustomizer> (0x000000070b71ac90) 
thrown [s\src\hotspot\share\classfile\systemDictionary.cpp, line 255]
Event: 3865.019 Thread 0x00000201533e2080 Exception <a 'java/lang/ClassNotFoundException'{0x000000070af79f80}: java/lang/ObjectCustomizer> (0x000000070af79f80) 
thrown [s\src\hotspot\share\classfile\systemDictionary.cpp, line 255]
Event: 3865.020 Thread 0x00000201533e2080 Exception <a 'java/lang/ClassNotFoundException'{0x000000070af82428}: com/efacture/dev/model/EmmissionCieCustomizer> (0x000000070af82428) 
thrown [s\src\hotspot\share\classfile\systemDictionary.cpp, line 255]
Event: 3865.067 Thread 0x00000201533e2080 Exception <a 'java/lang/ClassNotFoundException'{0x000000070a6a41e8}: java/lang/ObjectCustomizer> (0x000000070a6a41e8) 
thrown [s\src\hotspot\share\classfile\systemDictionary.cpp, line 255]
Event: 3865.067 Thread 0x00000201533e2080 Exception <a 'java/lang/ClassNotFoundException'{0x000000070a6abd10}: com/efacture/dev/model/EmmissionSodeciCustomizer> (0x000000070a6abd10) 
thrown [s\src\hotspot\share\classfile\systemDictionary.cpp, line 255]
Event: 3865.119 Thread 0x00000201533e2080 Exception <a 'java/lang/ClassNotFoundException'{0x0000000709e0deb0}: java/lang/ObjectCustomizer> (0x0000000709e0deb0) 
thrown [s\src\hotspot\share\classfile\systemDictionary.cpp, line 255]
Event: 3865.120 Thread 0x00000201533e2080 Exception <a 'java/lang/ClassNotFoundException'{0x0000000709e16478}: com/efacture/dev/model/FactureFavorisCustomizer> (0x0000000709e16478) 
thrown [s\src\hotspot\share\classfile\systemDictionary.cpp, line 255]
Event: 3865.160 Thread 0x00000201533e2080 Exception <a 'java/lang/ClassNotFoundException'{0x0000000709afab60}: java/lang/ObjectCustomizer> (0x0000000709afab60) 
thrown [s\src\hotspot\share\classfile\systemDictionary.cpp, line 255]
Event: 3865.160 Thread 0x00000201533e2080 Exception <a 'java/lang/ClassNotFoundException'{0x0000000709b030d0}: com/efacture/dev/model/VfacturierCustomizer> (0x0000000709b030d0) 
thrown [s\src\hotspot\share\classfile\systemDictionary.cpp, line 255]
Event: 3865.193 Thread 0x00000201533e2080 Exception <a 'java/lang/ClassNotFoundException'{0x00000007096e8bc8}: java/lang/ObjectCustomizer> (0x00000007096e8bc8) 
thrown [s\src\hotspot\share\classfile\systemDictionary.cpp, line 255]
Event: 3865.193 Thread 0x00000201533e2080 Exception <a 'java/lang/ClassNotFoundException'{0x00000007096f0550}: com/efacture/dev/model/FacturierCustomizer> (0x00000007096f0550) 
thrown [s\src\hotspot\share\classfile\systemDictionary.cpp, line 255]
Event: 3865.265 Thread 0x00000201533e2080 Exception <a 'java/lang/ClassNotFoundException'{0x0000000708fa7d30}: java/lang/ObjectCustomizer> (0x0000000708fa7d30) 
thrown [s\src\hotspot\share\classfile\systemDictionary.cpp, line 255]
Event: 3865.266 Thread 0x00000201533e2080 Exception <a 'java/lang/ClassNotFoundException'{0x0000000708faf858}: com/efacture/dev/model/ParaCommissionCustomizer> (0x0000000708faf858) 
thrown [s\src\hotspot\share\classfile\systemDictionary.cpp, line 255]
Event: 3865.301 Thread 0x00000201533e2080 Exception <a 'java/lang/ClassNotFoundException'{0x0000000708bae348}: java/lang/ObjectCustomizer> (0x0000000708bae348) 
thrown [s\src\hotspot\share\classfile\systemDictionary.cpp, line 255]
Event: 3865.302 Thread 0x00000201533e2080 Exception <a 'java/lang/ClassNotFoundException'{0x0000000708bb6700}: com/efacture/dev/model/PlafondCustomizer> (0x0000000708bb6700) 
thrown [s\src\hotspot\share\classfile\systemDictionary.cpp, line 255]

VM Operations (20 events):
Event: 3860.929 Executing VM operation: G1CollectForAllocation done
Event: 3860.939 Executing VM operation: ThreadDump
Event: 3860.939 Executing VM operation: ThreadDump done
Event: 3860.939 Executing VM operation: ThreadDump
Event: 3860.939 Executing VM operation: ThreadDump done
Event: 3860.963 Executing VM operation: G1CollectFull
Event: 3861.055 Executing VM operation: G1CollectFull done
Event: 3862.065 Executing VM operation: Cleanup
Event: 3862.066 Executing VM operation: Cleanup done
Event: 3863.079 Executing VM operation: Cleanup
Event: 3863.080 Executing VM operation: Cleanup done
Event: 3863.097 Executing VM operation: G1CollectForAllocation
Event: 3863.110 Executing VM operation: G1CollectForAllocation done
Event: 3863.796 Executing VM operation: G1CollectForAllocation
Event: 3863.804 Executing VM operation: G1CollectForAllocation done
Event: 3864.253 Executing VM operation: G1CollectForAllocation
Event: 3864.258 Executing VM operation: G1CollectForAllocation done
Event: 3864.833 Executing VM operation: G1CollectForAllocation
Event: 3864.840 Executing VM operation: G1CollectForAllocation done
Event: 3865.326 Executing VM operation: G1CollectForAllocation

Events (20 events):
Event: 3860.867 Thread 0x00000201533e50a0 Thread exited: 0x00000201533e50a0
Event: 3860.930 Thread 0x00000201533e2080 Thread exited: 0x00000201533e2080
Event: 3860.941 Thread 0x00000201533e5a40 Thread exited: 0x00000201533e5a40
Event: 3860.941 Thread 0x00000201533e5570 Thread exited: 0x00000201533e5570
Event: 3860.941 Thread 0x00000201533e4700 Thread exited: 0x00000201533e4700
Event: 3860.941 Thread 0x00000201533e2ef0 Thread exited: 0x00000201533e2ef0
Event: 3860.958 Thread 0x00000201533e5a40 Thread added: 0x00000201533e5a40
Event: 3860.958 Thread 0x00000201533e4230 Thread exited: 0x00000201533e4230
Event: 3860.962 Thread 0x00000201533e5a40 Thread exited: 0x00000201533e5a40
Event: 3861.055 Thread 0x00000201533e4230 Thread added: 0x00000201533e4230
Event: 3861.056 Thread 0x00000201533e4230 Thread exited: 0x00000201533e4230
Event: 3861.056 Thread 0x00000201533e2080 Thread added: 0x00000201533e2080
Event: 3861.500 Thread 0x00000201533e5570 Thread added: 0x00000201533e5570
Event: 3861.523 Thread 0x00000201533e5570 Thread exited: 0x00000201533e5570
Event: 3863.036 Thread 0x00000201533e4230 Thread added: 0x00000201533e4230
Event: 3863.143 Thread 0x00000201533e3890 Thread added: 0x00000201533e3890
Event: 3863.884 Thread 0x00000201533e2a20 Thread added: 0x00000201533e2a20
Event: 3863.884 Thread 0x00000201533e50a0 Thread added: 0x00000201533e50a0
Event: 3863.884 Thread 0x00000201533e2ef0 Thread added: 0x00000201533e2ef0
Event: 3864.714 Thread 0x00000201589a74f0 Thread added: 0x00000201589a74f0


Dynamic libraries:
0x00007ff758020000 - 0x00007ff75802e000 	C:\Users\yacou.kone\.p2\pool\plugins\org.eclipse.justj.openjdk.hotspot.jre.full.win32.x86_64_18.0.1.v20220515-1614\jre\bin\javaw.exe
0x00007fff2bb70000 - 0x00007fff2bd68000 	C:\WINDOWS\SYSTEM32\ntdll.dll
0x00007fff29c30000 - 0x00007fff29cef000 	C:\WINDOWS\System32\KERNEL32.DLL
0x00007fff29400000 - 0x00007fff296d2000 	C:\WINDOWS\System32\KERNELBASE.dll
0x00007fff29a80000 - 0x00007fff29b80000 	C:\WINDOWS\System32\ucrtbase.dll
0x00007ffed7c50000 - 0x00007ffed7c69000 	C:\Users\yacou.kone\.p2\pool\plugins\org.eclipse.justj.openjdk.hotspot.jre.full.win32.x86_64_18.0.1.v20220515-1614\jre\bin\VCRUNTIME140.dll
0x00007fff215f0000 - 0x00007fff21607000 	C:\Users\yacou.kone\.p2\pool\plugins\org.eclipse.justj.openjdk.hotspot.jre.full.win32.x86_64_18.0.1.v20220515-1614\jre\bin\jli.dll
0x00007fff2b8b0000 - 0x00007fff2ba51000 	C:\WINDOWS\System32\USER32.dll
0x00007fff12be0000 - 0x00007fff12e7a000 	C:\WINDOWS\WinSxS\amd64_microsoft.windows.common-controls_6595b64144ccf1df_6.0.19041.1110_none_60b5254171f9507e\COMCTL32.dll
0x00007fff298f0000 - 0x00007fff29912000 	C:\WINDOWS\System32\win32u.dll
0x00007fff2ba60000 - 0x00007fff2bafe000 	C:\WINDOWS\System32\msvcrt.dll
0x00007fff2b6e0000 - 0x00007fff2b70b000 	C:\WINDOWS\System32\GDI32.dll
0x00007fff29230000 - 0x00007fff2933f000 	C:\WINDOWS\System32\gdi32full.dll
0x00007fff29820000 - 0x00007fff298bd000 	C:\WINDOWS\System32\msvcp_win.dll
0x00007fff2b2c0000 - 0x00007fff2b2f2000 	C:\WINDOWS\System32\IMM32.DLL
0x00007ffef4ce0000 - 0x00007ffef4cec000 	C:\Users\yacou.kone\.p2\pool\plugins\org.eclipse.justj.openjdk.hotspot.jre.full.win32.x86_64_18.0.1.v20220515-1614\jre\bin\vcruntime140_1.dll
0x00007ffed4ee0000 - 0x00007ffed4f71000 	C:\Users\yacou.kone\.p2\pool\plugins\org.eclipse.justj.openjdk.hotspot.jre.full.win32.x86_64_18.0.1.v20220515-1614\jre\bin\msvcp140.dll
0x00007ffed52d0000 - 0x00007ffed5f59000 	C:\Users\yacou.kone\.p2\pool\plugins\org.eclipse.justj.openjdk.hotspot.jre.full.win32.x86_64_18.0.1.v20220515-1614\jre\bin\server\jvm.dll
0x00007fff29dd0000 - 0x00007fff29e7e000 	C:\WINDOWS\System32\ADVAPI32.dll
0x00007fff29e90000 - 0x00007fff29f2c000 	C:\WINDOWS\System32\sechost.dll
0x00007fff2a680000 - 0x00007fff2a7a5000 	C:\WINDOWS\System32\RPCRT4.dll
0x00007fff29e80000 - 0x00007fff29e88000 	C:\WINDOWS\System32\PSAPI.DLL
0x00007fff0f840000 - 0x00007fff0f849000 	C:\WINDOWS\SYSTEM32\WSOCK32.dll
0x00007fff226a0000 - 0x00007fff226aa000 	C:\WINDOWS\SYSTEM32\VERSION.dll
0x00007fff2b770000 - 0x00007fff2b7db000 	C:\WINDOWS\System32\WS2_32.dll
0x00007fff0d7d0000 - 0x00007fff0d7f7000 	C:\WINDOWS\SYSTEM32\WINMM.dll
0x00007fff27a40000 - 0x00007fff27a52000 	C:\WINDOWS\SYSTEM32\kernel.appcore.dll
0x00007fff21900000 - 0x00007fff2190a000 	C:\Users\yacou.kone\.p2\pool\plugins\org.eclipse.justj.openjdk.hotspot.jre.full.win32.x86_64_18.0.1.v20220515-1614\jre\bin\jimage.dll
0x00007fff26e20000 - 0x00007fff27004000 	C:\WINDOWS\SYSTEM32\DBGHELP.DLL
0x00007fff0d530000 - 0x00007fff0d565000 	C:\WINDOWS\SYSTEM32\dbgcore.DLL
0x00007fff29790000 - 0x00007fff29812000 	C:\WINDOWS\System32\bcryptPrimitives.dll
0x00007fff21610000 - 0x00007fff21635000 	C:\Users\yacou.kone\.p2\pool\plugins\org.eclipse.justj.openjdk.hotspot.jre.full.win32.x86_64_18.0.1.v20220515-1614\jre\bin\java.dll
0x00007fff215d0000 - 0x00007fff215e8000 	C:\Users\yacou.kone\.p2\pool\plugins\org.eclipse.justj.openjdk.hotspot.jre.full.win32.x86_64_18.0.1.v20220515-1614\jre\bin\zip.dll
0x00007fff29f30000 - 0x00007fff2a674000 	C:\WINDOWS\System32\SHELL32.dll
0x00007fff27290000 - 0x00007fff27a22000 	C:\WINDOWS\SYSTEM32\windows.storage.dll
0x00007fff2b300000 - 0x00007fff2b655000 	C:\WINDOWS\System32\combase.dll
0x00007fff28bb0000 - 0x00007fff28be0000 	C:\WINDOWS\SYSTEM32\Wldp.dll
0x00007fff29b80000 - 0x00007fff29c2d000 	C:\WINDOWS\System32\SHCORE.dll
0x00007fff2b260000 - 0x00007fff2b2b5000 	C:\WINDOWS\System32\shlwapi.dll
0x00007fff29170000 - 0x00007fff2918f000 	C:\WINDOWS\SYSTEM32\profapi.dll
0x00007ffee82d0000 - 0x00007ffee82e3000 	C:\Users\yacou.kone\.p2\pool\plugins\org.eclipse.justj.openjdk.hotspot.jre.full.win32.x86_64_18.0.1.v20220515-1614\jre\bin\net.dll
0x00007fff23ce0000 - 0x00007fff23dec000 	C:\WINDOWS\SYSTEM32\WINHTTP.dll
0x00007fff28990000 - 0x00007fff289fa000 	C:\WINDOWS\system32\mswsock.dll
0x00007ffed8d10000 - 0x00007ffed8d26000 	C:\Users\yacou.kone\.p2\pool\plugins\org.eclipse.justj.openjdk.hotspot.jre.full.win32.x86_64_18.0.1.v20220515-1614\jre\bin\nio.dll
0x00007ffed9e10000 - 0x00007ffed9e19000 	C:\Users\yacou.kone\.p2\pool\plugins\org.eclipse.justj.openjdk.hotspot.jre.full.win32.x86_64_18.0.1.v20220515-1614\jre\bin\management.dll
0x00007ffed9460000 - 0x00007ffed946b000 	C:\Users\yacou.kone\.p2\pool\plugins\org.eclipse.justj.openjdk.hotspot.jre.full.win32.x86_64_18.0.1.v20220515-1614\jre\bin\management_ext.dll
0x00007fff0dee0000 - 0x00007fff0def7000 	C:\WINDOWS\system32\napinsp.dll
0x00007fff0dec0000 - 0x00007fff0dedb000 	C:\WINDOWS\system32\pnrpnsp.dll
0x00007fff0dea0000 - 0x00007fff0deb5000 	C:\WINDOWS\system32\wshbth.dll
0x00007fff25f90000 - 0x00007fff25fad000 	C:\WINDOWS\system32\NLAapi.dll
0x00007fff28650000 - 0x00007fff2868b000 	C:\WINDOWS\SYSTEM32\IPHLPAPI.DLL
0x00007fff28690000 - 0x00007fff2875a000 	C:\WINDOWS\SYSTEM32\DNSAPI.dll
0x00007fff2ad30000 - 0x00007fff2ad38000 	C:\WINDOWS\System32\NSI.dll
0x00007fff0dab0000 - 0x00007fff0dac2000 	C:\WINDOWS\System32\winrnr.dll
0x00007fff22200000 - 0x00007fff2220a000 	C:\Windows\System32\rasadhlp.dll
0x00007fff23c60000 - 0x00007fff23ce0000 	C:\WINDOWS\System32\fwpuclnt.dll
0x00007fff298c0000 - 0x00007fff298e7000 	C:\WINDOWS\System32\bcrypt.dll
0x00007fff28bf0000 - 0x00007fff28c08000 	C:\WINDOWS\SYSTEM32\CRYPTSP.dll
0x00007fff28260000 - 0x00007fff28294000 	C:\WINDOWS\system32\rsaenh.dll
0x00007fff29130000 - 0x00007fff2915e000 	C:\WINDOWS\SYSTEM32\USERENV.dll
0x00007fff28b20000 - 0x00007fff28b2c000 	C:\WINDOWS\SYSTEM32\CRYPTBASE.dll
0x00007fff23760000 - 0x00007fff23777000 	C:\WINDOWS\SYSTEM32\dhcpcsvc6.DLL
0x00007fff23740000 - 0x00007fff2375d000 	C:\WINDOWS\SYSTEM32\dhcpcsvc.DLL
0x00007fff21780000 - 0x00007fff21790000 	C:\Users\yacou.kone\.p2\pool\plugins\org.eclipse.justj.openjdk.hotspot.jre.full.win32.x86_64_18.0.1.v20220515-1614\jre\bin\verify.dll
0x00007fff1b4a0000 - 0x00007fff1b4ae000 	C:\Users\yacou.kone\.p2\pool\plugins\org.eclipse.justj.openjdk.hotspot.jre.full.win32.x86_64_18.0.1.v20220515-1614\jre\bin\sunmscapi.dll
0x00007fff29920000 - 0x00007fff29a76000 	C:\WINDOWS\System32\CRYPT32.dll
0x00007fff28d00000 - 0x00007fff28d27000 	C:\WINDOWS\SYSTEM32\ncrypt.dll
0x00007fff28cc0000 - 0x00007fff28cfb000 	C:\WINDOWS\SYSTEM32\NTASN1.dll

dbghelp: loaded successfully - version: 4.0.5 - missing functions: none
symbol engine: initialized successfully - sym options: 0x614 - pdb path: .;C:\Users\yacou.kone\.p2\pool\plugins\org.eclipse.justj.openjdk.hotspot.jre.full.win32.x86_64_18.0.1.v20220515-1614\jre\bin;C:\WINDOWS\SYSTEM32;C:\WINDOWS\WinSxS\amd64_microsoft.windows.common-controls_6595b64144ccf1df_6.0.19041.1110_none_60b5254171f9507e;C:\Users\yacou.kone\.p2\pool\plugins\org.eclipse.justj.openjdk.hotspot.jre.full.win32.x86_64_18.0.1.v20220515-1614\jre\bin\server

VM Arguments:
jvm_args: -Dcom.sun.management.jmxremote -Dcom.sun.management.jmxremote.port=59686 -Dcom.sun.management.jmxremote.authenticate=false -Dcom.sun.management.jmxremote.ssl=false -Djava.rmi.server.hostname=localhost -Dspring.jmx.enabled=true -Dspring.application.admin.enabled=true -XX:TieredStopAtLevel=1 -Dspring.boot.project.name=BackEndEPaiment -Dfile.encoding=UTF-8 -XX:+ShowCodeDetailsInExceptionMessages 
java_command: com.efacture.dev.EfactureApplication --spring.output.ansi.enabled=always
java_class_path (initial): D:\ProjetDev\SOURCES\BackEndEPaiemnt\BackEndEPaiment\target\classes;C:\Users\yacou.kone\.m2\repository\org\springframework\boot\spring-boot-starter-data-jpa\2.5.2\spring-boot-starter-data-jpa-2.5.2.jar;C:\Users\yacou.kone\.m2\repository\org\springframework\boot\spring-boot-starter-aop\2.5.2\spring-boot-starter-aop-2.5.2.jar;C:\Users\yacou.kone\.m2\repository\org\aspectj\aspectjweaver\1.9.6\aspectjweaver-1.9.6.jar;C:\Users\yacou.kone\.m2\repository\org\springframework\boot\spring-boot-starter-jdbc\2.5.2\spring-boot-starter-jdbc-2.5.2.jar;C:\Users\yacou.kone\.m2\repository\com\zaxxer\HikariCP\4.0.3\HikariCP-4.0.3.jar;C:\Users\yacou.kone\.m2\repository\org\springframework\spring-jdbc\5.3.8\spring-jdbc-5.3.8.jar;C:\Users\yacou.kone\.m2\repository\jakarta\transaction\jakarta.transaction-api\1.3.3\jakarta.transaction-api-1.3.3.jar;C:\Users\yacou.kone\.m2\repository\jakarta\persistence\jakarta.persistence-api\2.2.3\jakarta.persistence-api-2.2.3.jar;C:\Users\yacou.kone\.m2\repository\org\hibernate\hibernate-core\5.4.32.Final\hibernate-core-5.4.32.Final.jar;C:\Users\yacou.kone\.m2\repository\org\jboss\logging\jboss-logging\3.4.2.Final\jboss-logging-3.4.2.Final.jar;C:\Users\yacou.kone\.m2\repository\org\javassist\javassist\3.27.0-GA\javassist-3.27.0-GA.jar;C:\Users\yacou.kone\.m2\repository\net\bytebuddy\byte-buddy\1.10.22\byte-buddy-1.10.22.jar;C:\Users\yacou.kone\.m2\repository\antlr\antlr\2.7.7\antlr-2.7.7.jar;C:\Users\yacou.kone\.m2\repository\org\jboss\jandex\2.2.3.Final\jandex-2.2.3.Final.jar;C:\Users\yacou.kone\.m2\repository\org\dom4j\dom4j\2.1.3\dom4j-2.1.3.jar;C:\Users\yacou.kone\.m2\repository\org\hibernate\common\hibernate-commons-annotations\5.1.2.Final\hibernate-commons-annotations-5.1.2.Final.jar;C:\Users\yacou.kone\.m2\repository\org\glassfish\jaxb\jaxb-runtime\2.3.4\jaxb-runtime-2.3.4.jar;C:\Users\yacou.kone\.m2\repository\org\glassfish\jaxb\txw2\2.3.4\txw2-2.3.4.jar;C:\Users\yacou.kone\.m2\repository\com\sun\istack\istack-commons-runtime\3.0.12\istack-commons-runtime-3.0.12.jar;C:\Users\yacou.kone\.m2\repository\org\springframework\data\spring-data-jpa\2.5.2\spring-data-jpa-2.5.2.jar;C:\Users\yacou.kone\.m2\repository\org\springframework\data\spring-data-commons\2.5.2\spring-data-commons-2.5.2.jar;C:\Users\yacou.kone\.m2\repository\org\springframework\spring-orm\5.3.8\spring-orm-5.3.8.jar;C:\Users\yacou.kone\.m2\repository\org\springframework\spring-context\5.3.8\spring-context-5.3.8.jar;C:\Users\yacou.kone\.m2\repository\org\springframework\spring-tx\5.3.8\spring-tx-5.3.8.jar;C:\Users\yacou.kone\.m2\repository\org\springframework\spring-beans\5.3.8\spring-beans-5.3.8.jar;C:\Users\yacou.kone\.m2\repository\org\springframework\spring-aspects\5.3.8\spring-aspects-5.3.8.jar;C:\Users\yacou.kone\.m2\repository\org\springframework\boot\spring-boot-starter-web\2.5.2\spring-boot-starter-web-2.5.2.jar;C:\Users\yacou.kone\.m2\repository\org\springframework\boot\spring-boot-starter\2.5.2\spring-boot-starter-2.5.2.jar;C:\Users\yacou.kone\.m2\repository\org\springframework\boot\spring-boot-starter-logging\2.5.2\spring-boot-starter-logging-2.5.2.jar;C:\Users\yacou.kone\.m2\repository\ch\qos\logback\logback-classic\1.2.3\logback-classic-1.2.3.jar;C:\Users\yacou.kone\.m2\repository\ch\qos\logback\logback-core\1.2.3\logback-core-1.2.3.jar;C:\Users\yacou.kone\.m2\repository\org\apache\logging\log4j\log4j-to-slf4j\2.14.1\log4j-to-slf4j-2.14.1.jar;C:\Users\yacou.kone\.m2\repository\org\apache\logging\log4j\log4j-api\2.14.1\log4j-api-2.14.1.jar;C:\Users\yacou.kone\.m2\repository\org\slf4j\jul-to-slf4j\1.7.31\jul-to-slf4j-1.7.31.jar;C:\Users\yacou.kone\.m2\repository\org\yaml\snakeyaml\1.28\snakeyaml-1.28.jar;C:\Users\yacou.kone\.m2\repository\org\springframework\boot\spring-boot-starter-json\2.5.2\spring-boot-starter-json-2.5.2.jar;C:\Users\yacou.kone\.m2\repository\com\fasterxml\jackson\datatype\jackson-datatype-jdk8\2.12.3\jackson-datatype-jdk8-2.12.3.jar;C:\Users\yacou.kone\.m2\repository\com\fasterxml\jackson\datatype\jackson-datatype-jsr310\2.12.3\jackson-datatype-jsr310-2.12.3.jar;C:\Users\yacou.kone\.m2\repository\com\fasterxml\jackson\module\jackson-module-parameter-names\2.12.3\jackson-module-parameter-names-2.12.3.jar;C:\Users\yacou.kone\.m2\repository\org\springframework\spring-web\5.3.8\spring-web-5.3.8.jar;C:\Users\yacou.kone\.m2\repository\org\springframework\spring-webmvc\5.3.8\spring-webmvc-5.3.8.jar;C:\Users\yacou.kone\.m2\repository\org\springframework\spring-expression\5.3.8\spring-expression-5.3.8.jar;C:\Users\yacou.kone\.m2\repository\org\json\json\20080701\json-20080701.jar;C:\Users\yacou.kone\.m2\repository\org\springframework\boot\spring-boot-starter-mail\2.5.2\spring-boot-starter-mail-2.5.2.jar;C:\Users\yacou.kone\.m2\repository\org\springframework\spring-context-support\5.3.8\spring-context-support-5.3.8.jar;C:\Users\yacou.kone\.m2\repository\com\sun\mail\jakarta.mail\1.6.7\jakarta.mail-1.6.7.jar;C:\Users\yacou.kone\.m2\repository\com\sun\activation\jakarta.activation\1.2.2\jakarta.activation-1.2.2.jar;C:\Users\yacou.kone\.m2\repository\org\springframework\boot\spring-boot-devtools\2.5.2\spring-boot-devtools-2.5.2.jar;C:\Users\yacou.kone\.m2\repository\org\springframework\boot\spring-boot\2.5.2\spring-boot-2.5.2.jar;C:\Users\yacou.kone\.m2\repository\org\springframework\boot\spring-boot-autoconfigure\2.5.2\spring-boot-autoconfigure-2.5.2.jar;C:\Users\yacou.kone\.m2\repository\org\postgresql\postgresql\42.2.22\postgresql-42.2.22.jar;C:\Users\yacou.kone\.m2\repository\org\checkerframework\checker-qual\3.5.0\checker-qual-3.5.0.jar;C:\Users\yacou.kone\.m2\repository\mysql\mysql-connector-java\8.0.25\mysql-connector-java-8.0.25.jar;C:\Users\yacou.kone\.m2\repository\org\apache\commons\commons-lang3\3.12.0\commons-lang3-3.12.0.jar;C:\Users\yacou.kone\.m2\repository\org\springframework\boot\spring-boot-starter-tomcat\2.5.2\spring-boot-starter-tomcat-2.5.2.jar;C:\Users\yacou.kone\.m2\repository\jakarta\annotation\jakarta.annotation-api\1.3.5\jakarta.annotation-api-1.3.5.jar;C:\Users\yacou.kone\.m2\repository\org\apache\tomcat\embed\tomcat-embed-core\9.0.54\tomcat-embed-core-9.0.54.jar;C:\Users\yacou.kone\.m2\repository\org\apache\tomcat\embed\tomcat-embed-el\9.0.54\tomcat-embed-el-9.0.54.jar;C:\Users\yacou.kone\.m2\repository\org\apache\tomcat\embed\tomcat-embed-websocket\9.0.54\tomcat-embed-websocket-9.0.54.jar;C:\Users\yacou.kone\.m2\repository\io\springfox\springfox-swagger2\2.7.0\springfox-swagger2-2.7.0.jar;C:\Users\yacou.kone\.m2\repository\io\swagger\swagger-annotations\1.5.13\swagger-annotations-1.5.13.jar;C:\Users\yacou.kone\.m2\repository\io\swagger\swagger-models\1.5.13\swagger-models-1.5.13.jar;C:\Users\yacou.kone\.m2\repository\com\fasterxml\jackson\core\jackson-annotations\2.12.3\jackson-annotations-2.12.3.jar;C:\Users\yacou.kone\.m2\repository\io\springfox\springfox-spi\2.7.0\springfox-spi-2.7.0.jar;C:\Users\yacou.kone\.m2\repository\io\springfox\springfox-core\2.7.0\springfox-core-2.7.0.jar;C:\Users\yacou.kone\.m2\repository\io\springfox\springfox-schema\2.7.0\springfox-schema-2.7.0.jar;C:\Users\yacou.kone\.m2\repository\io\springfox\springfox-swagger-common\2.7.0\springfox-swagger-common-2.7.0.jar;C:\Users\yacou.kone\.m2\repository\io\springfox\springfox-spring-web\2.7.0\springfox-spring-web-2.7.0.jar;C:\Users\yacou.kone\.m2\repository\org\reflections\reflections\0.9.11\reflections-0.9.11.jar;C:\Users\yacou.kone\.m2\repository\com\google\guava\guava\18.0\guava-18.0.jar;C:\Users\yacou.kone\.m2\repository\com\fasterxml\classmate\1.5.1\classmate-1.5.1.jar;C:\Users\yacou.kone\.m2\repository\org\slf4j\slf4j-api\1.7.31\slf4j-api-1.7.31.jar;C:\Users\yacou.kone\.m2\repository\org\springframework\plugin\spring-plugin-core\1.2.0.RELEASE\spring-plugin-core-1.2.0.RELEASE.jar;C:\Users\yacou.kone\.m2\repository\org\springframework\plugin\spring-plugin-metadata\1.2.0.RELEASE\spring-plugin-metadata-1.2.0.RELEASE.jar;C:\Users\yacou.kone\.m2\repository\org\mapstruct\mapstruct\1.1.0.Final\mapstruct-1.1.0.Final.jar;C:\Users\yacou.kone\.m2\repository\io\springfox\springfox-swagger-ui\2.7.0\springfox-swagger-ui-2.7.0.jar;C:\Users\yacou.kone\.m2\repository\org\springframework\boot\spring-boot-starter-security\2.5.2\spring-boot-starter-security-2.5.2.jar;C:\Users\yacou.kone\.m2\repository\org\springframework\spring-aop\5.3.8\spring-aop-5.3.8.jar;C:\Users\yacou.kone\.m2\repository\org\springframework\security\spring-security-config\5.5.1\spring-security-config-5.5.1.jar;C:\Users\yacou.kone\.m2\repository\org\springframework\security\spring-security-core\5.5.1\spring-security-core-5.5.1.jar;C:\Users\yacou.kone\.m2\repository\org\springframework\security\spring-security-crypto\5.5.1\spring-security-crypto-5.5.1.jar;C:\Users\yacou.kone\.m2\repository\org\springframework\security\spring-security-web\5.5.1\spring-security-web-5.5.1.jar;C:\Users\yacou.kone\.m2\repository\io\jsonwebtoken\jjwt\0.9.1\jjwt-0.9.1.jar;C:\Users\yacou.kone\.m2\repository\com\fasterxml\jackson\core\jackson-databind\2.12.3\jackson-databind-2.12.3.jar;C:\Users\yacou.kone\.m2\repository\com\fasterxml\jackson\core\jackson-core\2.12.3\jackson-core-2.12.3.jar;C:\Users\yacou.kone\.m2\repository\jakarta\xml\bind\jakarta.xml.bind-api\2.3.3\jakarta.xml.bind-api-2.3.3.jar;C:\Users\yacou.kone\.m2\repository\jakarta\activation\jakarta.activation-api\1.2.2\jakarta.activation-api-1.2.2.jar;C:\Users\yacou.kone\.m2\repository\org\springframework\spring-core\5.3.8\spring-core-5.3.8.jar;C:\Users\yacou.kone\.m2\repository\org\springframework\spring-jcl\5.3.8\spring-jcl-5.3.8.jar;C:\Users\yacou.kone\.m2\repository\org\projectlombok\lombok\1.18.20\lombok-1.18.20.jar
Launcher Type: SUN_STANDARD

[Global flags]
     intx CICompilerCount                          = 4                                         {product} {ergonomic}
     uint ConcGCThreads                            = 2                                         {product} {ergonomic}
     uint G1ConcRefinementThreads                  = 8                                         {product} {ergonomic}
   size_t G1HeapRegionSize                         = 2097152                                   {product} {ergonomic}
    uintx GCDrainStackTargetSize                   = 64                                        {product} {ergonomic}
   size_t InitialHeapSize                          = 266338304                                 {product} {ergonomic}
     bool ManagementServer                         = true                                      {product} {command line}
   size_t MarkStackSize                            = 4194304                                   {product} {ergonomic}
   size_t MaxHeapSize                              = 4229955584                                {product} {ergonomic}
   size_t MaxNewSize                               = 2537553920                                {product} {ergonomic}
   size_t MinHeapDeltaBytes                        = 2097152                                   {product} {ergonomic}
   size_t MinHeapSize                              = 8388608                                   {product} {ergonomic}
    uintx NonProfiledCodeHeapSize                  = 0                                      {pd product} {ergonomic}
     bool ProfileInterpreter                       = false                                  {pd product} {command line}
    uintx ProfiledCodeHeapSize                     = 0                                      {pd product} {ergonomic}
     bool ShowCodeDetailsInExceptionMessages       = true                                   {manageable} {command line}
   size_t SoftMaxHeapSize                          = 4229955584                             {manageable} {ergonomic}
     intx TieredStopAtLevel                        = 1                                         {product} {command line}
     bool UseCompressedClassPointers               = true                           {product lp64_product} {ergonomic}
     bool UseCompressedOops                        = true                           {product lp64_product} {ergonomic}
     bool UseG1GC                                  = true                                      {product} {ergonomic}
     bool UseLargePagesIndividualAllocation        = false                                  {pd product} {ergonomic}

Logging:
Log output configuration:
 #0: stdout all=warning uptime,level,tags foldmultilines=false
 #1: stderr all=off uptime,level,tags foldmultilines=false

Environment Variables:
JAVA_HOME=C:\Program Files\Java\jdk1.8.0_341
PATH=C:/Users/yacou.kone/.p2/pool/plugins/org.eclipse.justj.openjdk.hotspot.jre.full.win32.x86_64_18.0.1.v20220515-1614/jre/bin/server;C:/Users/yacou.kone/.p2/pool/plugins/org.eclipse.justj.openjdk.hotspot.jre.full.win32.x86_64_18.0.1.v20220515-1614/jre/bin;C:\Program Files\Common Files\Oracle\Java\javapath;C:\Program Files (x86)\Common Files\Oracle\Java\javapath;C:\Oracle\product\10.2.0\db_1\bin;C:\Oracle19C\bin;C:\OracleClient11G;C:\Oracle\product\11.2.0\dbhome_1\bin;C:\Oracle\product\11.2.0\client_1\bin;C:\Python39\Scripts\;C:\Python39\;C:\Program Files\Microsoft MPI\Bin\;C:\DevSuiteHome_1\jdk\jre\bin\classic;C:\DevSuiteHome_1\jdk\jre\bin;C:\DevSuiteHome_1\jdk\jre\bin\client;C:\DevSuiteHome_1\jlib;C:\DevSuiteHome_1\bin;C:\DevSuiteHome_1\jre\1.4.2\bin\client;C:\DevSuiteHome_1\jre\1.4.2\bin;C:\Program Files\avs\bin;C:\Program Files\avs\bin32;C:\WINDOWS\system32;C:\WINDOWS;C:\WINDOWS\System32\Wbem;C:\WINDOWS\System32\WindowsPowerShell\v1.0\;C:\WINDOWS\System32\OpenSSH\;C:\Program Files (x86)\Kaspersky Lab\Endpoint Agent\;C:\Program Files\dotnet\;C:\Program Files\Microsoft SQL Server\130\Tools\Binn\;C:\Program Files\Microsoft SQL Server\Client SDK\ODBC\170\Tools\Binn\;C:\Program Files (x86)\Microsoft SQL Server\130\Tools\Binn\;C:\Program Files (x86)\Microsoft SQL Server\130\DTS\Binn\;C:\Program Files\Microsoft SQL Server\130\DTS\Binn\;C:\Program Files\Microsoft SQL Server\Client SDK\ODBC\130\Tools\Binn\;C:\wamp64\bin\php\php7.4.9;C:\composer;C:\ProgramData\chocolatey\bin;C:\Maven2\apache-maven-3.8.3\bin;C:\Program Files\Java\jdk1.8.0_341\bin;C:\flutter\bin;C:\Program Files\nodejs\;D:\Serverus JEE\payara5\glassfish\bin;C:\Program Files\Java\jdk1.8.0_341;C:\Program Files\Git\cmd;C:\Program Files\Docker\Docker\resources\bin;C:\HashiCorp\Vagrant\bin;C:\Users\yacou.kone\AppData\Local\Microsoft\WindowsApps;;C:\Users\yacou.kone\AppData\Local\Programs\Microsoft VS Code\bin;C:\Users\yacou.kone\.dotnet\tools;C:\Users\yacou.kone\AppData\Roaming\Composer\vendor\bin;C:\Users\yacou.kone\AppData\Roaming\npm;C:\eclipse\jee-2022-09\eclipse;
USERNAME=yacou.kone
OS=Windows_NT
PROCESSOR_IDENTIFIER=Intel64 Family 6 Model 142 Stepping 12, GenuineIntel



---------------  S Y S T E M  ---------------

OS:
 Windows 10 , 64 bit Build 19041 (10.0.19041.2364)
OS uptime: 0 days 2:06 hours
Hyper-V role detected

CPU: total 8 (initial active 8) (4 cores per cpu, 2 threads per core) family 6 model 142 stepping 12 microcode 0xf0, cx8, cmov, fxsr, ht, mmx, 3dnowpref, sse, sse2, sse3, ssse3, sse4.1, sse4.2, popcnt, lzcnt, tsc, tscinvbit, avx, avx2, aes, erms, clmul, bmi1, bmi2, adx, fma, vzeroupper, clflush, clflushopt, hv

Memory: 4k page, system-wide physical 16134M (2140M free)
TotalPageFile size 21254M (AvailPageFile size 126M)
current process WorkingSet (physical memory assigned to process): 328M, peak: 399M
current process commit charge ("private bytes"): 392M, peak: 562M

vm_info: OpenJDK 64-Bit Server VM (18.0.1+10) for windows-amd64 JRE (18.0.1+10), built on Apr 20 2022 05:04:48 by "" with MS VC++ 16.7 (VS2019)

END.
