#
# There is insufficient memory for the Java Runtime Environment to continue.
# Native memory allocation (mmap) failed to map 266338304 bytes for G1 virtual space
# Possible reasons:
#   The system is out of physical RAM or swap space
#   The process is running with CompressedOops enabled, and the Java Heap may be blocking the growth of the native heap
# Possible solutions:
#   Reduce memory load on the system
#   Increase physical memory or swap space
#   Check if swap backing store is full
#   Decrease Java heap size (-Xmx/-Xms)
#   Decrease number of Java threads
#   Decrease Java thread stack sizes (-Xss)
#   Set larger code cache with -XX:ReservedCodeCacheSize=
#   JVM is running with Zero Based Compressed Oops mode in which the Java heap is
#     placed in the first 32GB address space. The Java Heap base address is the
#     maximum limit for the native heap growth. Please use -XX:HeapBaseMinAddress
#     to set the Java Heap base and to place the Java Heap above 32GB virtual address.
# This output file may be truncated or incomplete.
#
#  Out of Memory Error (os_windows.cpp:3530), pid=20692, tid=23128
#
# JRE version:  (18.0.1+10) (build )
# Java VM: OpenJDK 64-Bit Server VM (18.0.1+10, mixed mode, emulated-client, sharing, tiered, compressed oops, compressed class ptrs, g1 gc, windows-amd64)
# No core dump will be written. Minidumps are not enabled by default on client versions of Windows
#

---------------  S U M M A R Y ------------

Command Line: -Dcom.sun.management.jmxremote -Dcom.sun.management.jmxremote.port=52327 -Dcom.sun.management.jmxremote.authenticate=false -Dcom.sun.management.jmxremote.ssl=false -Djava.rmi.server.hostname=localhost -Dspring.jmx.enabled=true -Dspring.application.admin.enabled=true -XX:TieredStopAtLevel=1 -Dspring.boot.project.name=BackEndEPaiment -Dfile.encoding=UTF-8 -XX:+ShowCodeDetailsInExceptionMessages com.efacture.dev.EfactureApplication --spring.output.ansi.enabled=always

Host: Intel(R) Core(TM) i7-10510U CPU @ 1.80GHz, 8 cores, 15G,  Windows 10 , 64 bit Build 19041 (10.0.19041.2251)
Time: Mon Dec 12 17:11:08 2022 Temps universel coordonné elapsed time: 0.037220 seconds (0d 0h 0m 0s)

---------------  T H R E A D  ---------------

Current thread (0x000001cebcf84b70):  JavaThread "Unknown thread" [_thread_in_vm, id=23128, stack(0x0000006173500000,0x0000006173600000)]

Stack: [0x0000006173500000,0x0000006173600000]
Native frames: (J=compiled Java code, j=interpreted, Vv=VM code, C=native code)
V  [jvm.dll+0x69cd4a]
V  [jvm.dll+0x84b63d]
V  [jvm.dll+0x84cf4e]
V  [jvm.dll+0x84d603]
V  [jvm.dll+0x25f19f]
V  [jvm.dll+0x699bb9]
V  [jvm.dll+0x68e6ea]
V  [jvm.dll+0x324e1b]
V  [jvm.dll+0x32c826]
V  [jvm.dll+0x38127e]
V  [jvm.dll+0x3814af]
V  [jvm.dll+0x2fcaba]
V  [jvm.dll+0x2fdb1d]
V  [jvm.dll+0x81a290]
V  [jvm.dll+0x38e611]
V  [jvm.dll+0x7f8f63]
V  [jvm.dll+0x41045f]
V  [jvm.dll+0x411f11]
C  [jli.dll+0x5267]
C  [ucrtbase.dll+0x21bb2]
C  [KERNEL32.DLL+0x174b4]
C  [ntdll.dll+0x526a1]


---------------  P R O C E S S  ---------------

Threads class SMR info:
_java_thread_list=0x00007ffd3e71de10, length=0, elements={
}

Java Threads: ( => current thread )

Other Threads:
  0x000001cebcff4d80 WorkerThread "GC Thread#0" [stack: 0x0000006173600000,0x0000006173700000] [id=15900]
  0x000001cebd005f70 ConcurrentGCThread "G1 Main Marker" [stack: 0x0000006173700000,0x0000006173800000] [id=34536]
  0x000001cebd006870 WorkerThread "G1 Conc#0" [stack: 0x0000006173800000,0x0000006173900000] [id=27128]

[error occurred during error reporting (printing all threads), id 0xc0000005, EXCEPTION_ACCESS_VIOLATION (0xc0000005) at pc=0x00007ffd3dedd0e7]

VM state: not at safepoint (not fully initialized)

VM Mutex/Monitor currently owned by a thread:  ([mutex/lock_event])
[0x000001cebcf80fd0] Heap_lock - owner thread: 0x000001cebcf84b70

Heap address: 0x0000000703e00000, size: 4034 MB, Compressed Oops mode: Zero based, Oop shift amount: 3

CDS archive(s) mapped at: [0x0000000000000000-0x0000000000000000-0x0000000000000000), size 0, SharedBaseAddress: 0x0000000800000000, ArchiveRelocationMode: 0.
Narrow klass base: 0x0000000000000000, Narrow klass shift: 0, Narrow klass range: 0x0

GC Precious Log:
 CardTable entry size: 512
 Card Set container configuration: InlinePtr #cards 4 size 8 Array Of Cards #cards 16 size 48 Howl #buckets 8 coarsen threshold 3686 Howl Bitmap #cards 512 size 80 coarsen threshold 460 Card regions per heap region 1 cards per card region 4096

Heap:
 garbage-first heap   total 0K, used 0K [0x0000000703e00000, 0x0000000800000000)
  region size 2048K, 0 young (0K), 0 survivors (0K)

[error occurred during error reporting (printing heap information), id 0xc0000005, EXCEPTION_ACCESS_VIOLATION (0xc0000005) at pc=0x00007ffd3e2c5109]

GC Heap History (0 events):
No events

Deoptimization events (0 events):
No events

Classes loaded (0 events):
No events

Classes unloaded (0 events):
No events

Classes redefined (0 events):
No events

Internal exceptions (0 events):
No events

VM Operations (0 events):
No events

Events (1 events):
Event: 0.024 Loaded shared library C:\Users\yacou.kone\.p2\pool\plugins\org.eclipse.justj.openjdk.hotspot.jre.full.win32.x86_64_18.0.1.v20220515-1614\jre\bin\java.dll


Dynamic libraries:
0x00007ff76dfd0000 - 0x00007ff76dfde000 	C:\Users\yacou.kone\.p2\pool\plugins\org.eclipse.justj.openjdk.hotspot.jre.full.win32.x86_64_18.0.1.v20220515-1614\jre\bin\javaw.exe
0x00007ffdd2d30000 - 0x00007ffdd2f28000 	C:\WINDOWS\SYSTEM32\ntdll.dll
0x00007ffdd1600000 - 0x00007ffdd16bf000 	C:\WINDOWS\System32\KERNEL32.DLL
0x00007ffdd06b0000 - 0x00007ffdd0982000 	C:\WINDOWS\System32\KERNELBASE.dll
0x00007ffdd0bf0000 - 0x00007ffdd0cf0000 	C:\WINDOWS\System32\ucrtbase.dll
0x00007ffdc0f10000 - 0x00007ffdc0f29000 	C:\Users\yacou.kone\.p2\pool\plugins\org.eclipse.justj.openjdk.hotspot.jre.full.win32.x86_64_18.0.1.v20220515-1614\jre\bin\VCRUNTIME140.dll
0x00007ffdab7f0000 - 0x00007ffdab807000 	C:\Users\yacou.kone\.p2\pool\plugins\org.eclipse.justj.openjdk.hotspot.jre.full.win32.x86_64_18.0.1.v20220515-1614\jre\bin\jli.dll
0x00007ffdd2710000 - 0x00007ffdd28b1000 	C:\WINDOWS\System32\USER32.dll
0x00007ffdd05d0000 - 0x00007ffdd05f2000 	C:\WINDOWS\System32\win32u.dll
0x00007ffdd1520000 - 0x00007ffdd154b000 	C:\WINDOWS\System32\GDI32.dll
0x00007ffdb9960000 - 0x00007ffdb9bfa000 	C:\WINDOWS\WinSxS\amd64_microsoft.windows.common-controls_6595b64144ccf1df_6.0.19041.1110_none_60b5254171f9507e\COMCTL32.dll
0x00007ffdd03f0000 - 0x00007ffdd04ff000 	C:\WINDOWS\System32\gdi32full.dll
0x00007ffdd0500000 - 0x00007ffdd059d000 	C:\WINDOWS\System32\msvcp_win.dll
0x00007ffdd0dc0000 - 0x00007ffdd0e5e000 	C:\WINDOWS\System32\msvcrt.dll
0x00007ffdd26d0000 - 0x00007ffdd2702000 	C:\WINDOWS\System32\IMM32.DLL
0x00007ffdcd290000 - 0x00007ffdcd29c000 	C:\Users\yacou.kone\.p2\pool\plugins\org.eclipse.justj.openjdk.hotspot.jre.full.win32.x86_64_18.0.1.v20220515-1614\jre\bin\vcruntime140_1.dll
0x00007ffd8b980000 - 0x00007ffd8ba11000 	C:\Users\yacou.kone\.p2\pool\plugins\org.eclipse.justj.openjdk.hotspot.jre.full.win32.x86_64_18.0.1.v20220515-1614\jre\bin\msvcp140.dll
0x00007ffd3dbd0000 - 0x00007ffd3e859000 	C:\Users\yacou.kone\.p2\pool\plugins\org.eclipse.justj.openjdk.hotspot.jre.full.win32.x86_64_18.0.1.v20220515-1614\jre\bin\server\jvm.dll
0x00007ffdd1390000 - 0x00007ffdd143e000 	C:\WINDOWS\System32\ADVAPI32.dll
0x00007ffdd2630000 - 0x00007ffdd26cc000 	C:\WINDOWS\System32\sechost.dll
0x00007ffdd1d90000 - 0x00007ffdd1eb5000 	C:\WINDOWS\System32\RPCRT4.dll
0x00007ffdd1730000 - 0x00007ffdd1738000 	C:\WINDOWS\System32\PSAPI.DLL
0x00007ffdca230000 - 0x00007ffdca23a000 	C:\WINDOWS\SYSTEM32\VERSION.dll
0x00007ffdabbe0000 - 0x00007ffdabc07000 	C:\WINDOWS\SYSTEM32\WINMM.dll
0x00007ffdb54d0000 - 0x00007ffdb54d9000 	C:\WINDOWS\SYSTEM32\WSOCK32.dll
0x00007ffdd16c0000 - 0x00007ffdd172b000 	C:\WINDOWS\System32\WS2_32.dll
0x00007ffdce2a0000 - 0x00007ffdce2b2000 	C:\WINDOWS\SYSTEM32\kernel.appcore.dll
0x00007ffdc8b00000 - 0x00007ffdc8b0a000 	C:\Users\yacou.kone\.p2\pool\plugins\org.eclipse.justj.openjdk.hotspot.jre.full.win32.x86_64_18.0.1.v20220515-1614\jre\bin\jimage.dll
0x00007ffdcdd70000 - 0x00007ffdcdf54000 	C:\WINDOWS\SYSTEM32\DBGHELP.DLL
0x00007ffdb5490000 - 0x00007ffdb54c5000 	C:\WINDOWS\SYSTEM32\dbgcore.DLL
0x00007ffdd0990000 - 0x00007ffdd0a12000 	C:\WINDOWS\System32\bcryptPrimitives.dll
0x00007ffdb5e40000 - 0x00007ffdb5e65000 	C:\Users\yacou.kone\.p2\pool\plugins\org.eclipse.justj.openjdk.hotspot.jre.full.win32.x86_64_18.0.1.v20220515-1614\jre\bin\java.dll

dbghelp: loaded successfully - version: 4.0.5 - missing functions: none
symbol engine: initialized successfully - sym options: 0x614 - pdb path: .;C:\Users\yacou.kone\.p2\pool\plugins\org.eclipse.justj.openjdk.hotspot.jre.full.win32.x86_64_18.0.1.v20220515-1614\jre\bin;C:\WINDOWS\SYSTEM32;C:\WINDOWS\WinSxS\amd64_microsoft.windows.common-controls_6595b64144ccf1df_6.0.19041.1110_none_60b5254171f9507e;C:\Users\yacou.kone\.p2\pool\plugins\org.eclipse.justj.openjdk.hotspot.jre.full.win32.x86_64_18.0.1.v20220515-1614\jre\bin\server

VM Arguments:
jvm_args: -Dcom.sun.management.jmxremote -Dcom.sun.management.jmxremote.port=52327 -Dcom.sun.management.jmxremote.authenticate=false -Dcom.sun.management.jmxremote.ssl=false -Djava.rmi.server.hostname=localhost -Dspring.jmx.enabled=true -Dspring.application.admin.enabled=true -XX:TieredStopAtLevel=1 -Dspring.boot.project.name=BackEndEPaiment -Dfile.encoding=UTF-8 -XX:+ShowCodeDetailsInExceptionMessages 
java_command: com.efacture.dev.EfactureApplication --spring.output.ansi.enabled=always
java_class_path (initial): D:\ProjetDev\SOURCES\BackEndEPaiemnt\BackEndEPaiment\target\classes;C:\Users\yacou.kone\.m2\repository\org\springframework\boot\spring-boot-starter-data-jpa\2.5.2\spring-boot-starter-data-jpa-2.5.2.jar;C:\Users\yacou.kone\.m2\repository\org\springframework\boot\spring-boot-starter-aop\2.5.2\spring-boot-starter-aop-2.5.2.jar;C:\Users\yacou.kone\.m2\repository\org\aspectj\aspectjweaver\1.9.6\aspectjweaver-1.9.6.jar;C:\Users\yacou.kone\.m2\repository\org\springframework\boot\spring-boot-starter-jdbc\2.5.2\spring-boot-starter-jdbc-2.5.2.jar;C:\Users\yacou.kone\.m2\repository\com\zaxxer\HikariCP\4.0.3\HikariCP-4.0.3.jar;C:\Users\yacou.kone\.m2\repository\org\springframework\spring-jdbc\5.3.8\spring-jdbc-5.3.8.jar;C:\Users\yacou.kone\.m2\repository\jakarta\transaction\jakarta.transaction-api\1.3.3\jakarta.transaction-api-1.3.3.jar;C:\Users\yacou.kone\.m2\repository\jakarta\persistence\jakarta.persistence-api\2.2.3\jakarta.persistence-api-2.2.3.jar;C:\Users\yacou.kone\.m2\repository\org\hibernate\hibernate-core\5.4.32.Final\hibernate-core-5.4.32.Final.jar;C:\Users\yacou.kone\.m2\repository\org\jboss\logging\jboss-logging\3.4.2.Final\jboss-logging-3.4.2.Final.jar;C:\Users\yacou.kone\.m2\repository\org\javassist\javassist\3.27.0-GA\javassist-3.27.0-GA.jar;C:\Users\yacou.kone\.m2\repository\net\bytebuddy\byte-buddy\1.10.22\byte-buddy-1.10.22.jar;C:\Users\yacou.kone\.m2\repository\antlr\antlr\2.7.7\antlr-2.7.7.jar;C:\Users\yacou.kone\.m2\repository\org\jboss\jandex\2.2.3.Final\jandex-2.2.3.Final.jar;C:\Users\yacou.kone\.m2\repository\org\dom4j\dom4j\2.1.3\dom4j-2.1.3.jar;C:\Users\yacou.kone\.m2\repository\org\hibernate\common\hibernate-commons-annotations\5.1.2.Final\hibernate-commons-annotations-5.1.2.Final.jar;C:\Users\yacou.kone\.m2\repository\org\glassfish\jaxb\jaxb-runtime\2.3.4\jaxb-runtime-2.3.4.jar;C:\Users\yacou.kone\.m2\repository\org\glassfish\jaxb\txw2\2.3.4\txw2-2.3.4.jar;C:\Users\yacou.kone\.m2\repository\com\sun\istack\istack-commons-runtime\3.0.12\istack-commons-runtime-3.0.12.jar;C:\Users\yacou.kone\.m2\repository\org\springframework\data\spring-data-jpa\2.5.2\spring-data-jpa-2.5.2.jar;C:\Users\yacou.kone\.m2\repository\org\springframework\data\spring-data-commons\2.5.2\spring-data-commons-2.5.2.jar;C:\Users\yacou.kone\.m2\repository\org\springframework\spring-orm\5.3.8\spring-orm-5.3.8.jar;C:\Users\yacou.kone\.m2\repository\org\springframework\spring-context\5.3.8\spring-context-5.3.8.jar;C:\Users\yacou.kone\.m2\repository\org\springframework\spring-tx\5.3.8\spring-tx-5.3.8.jar;C:\Users\yacou.kone\.m2\repository\org\springframework\spring-beans\5.3.8\spring-beans-5.3.8.jar;C:\Users\yacou.kone\.m2\repository\org\springframework\spring-aspects\5.3.8\spring-aspects-5.3.8.jar;C:\Users\yacou.kone\.m2\repository\org\springframework\boot\spring-boot-starter-web\2.5.2\spring-boot-starter-web-2.5.2.jar;C:\Users\yacou.kone\.m2\repository\org\springframework\boot\spring-boot-starter\2.5.2\spring-boot-starter-2.5.2.jar;C:\Users\yacou.kone\.m2\repository\org\springframework\boot\spring-boot-starter-logging\2.5.2\spring-boot-starter-logging-2.5.2.jar;C:\Users\yacou.kone\.m2\repository\ch\qos\logback\logback-classic\1.2.3\logback-classic-1.2.3.jar;C:\Users\yacou.kone\.m2\repository\ch\qos\logback\logback-core\1.2.3\logback-core-1.2.3.jar;C:\Users\yacou.kone\.m2\repository\org\apache\logging\log4j\log4j-to-slf4j\2.14.1\log4j-to-slf4j-2.14.1.jar;C:\Users\yacou.kone\.m2\repository\org\apache\logging\log4j\log4j-api\2.14.1\log4j-api-2.14.1.jar;C:\Users\yacou.kone\.m2\repository\org\slf4j\jul-to-slf4j\1.7.31\jul-to-slf4j-1.7.31.jar;C:\Users\yacou.kone\.m2\repository\org\yaml\snakeyaml\1.28\snakeyaml-1.28.jar;C:\Users\yacou.kone\.m2\repository\org\springframework\boot\spring-boot-starter-json\2.5.2\spring-boot-starter-json-2.5.2.jar;C:\Users\yacou.kone\.m2\repository\com\fasterxml\jackson\datatype\jackson-datatype-jdk8\2.12.3\jackson-datatype-jdk8-2.12.3.jar;C:\Users\yacou.kone\.m2\repository\com\fasterxml\jackson\datatype\jackson-datatype-jsr310\2.12.3\jackson-datatype-jsr310-2.12.3.jar;C:\Users\yacou.kone\.m2\repository\com\fasterxml\jackson\module\jackson-module-parameter-names\2.12.3\jackson-module-parameter-names-2.12.3.jar;C:\Users\yacou.kone\.m2\repository\org\springframework\spring-web\5.3.8\spring-web-5.3.8.jar;C:\Users\yacou.kone\.m2\repository\org\springframework\spring-webmvc\5.3.8\spring-webmvc-5.3.8.jar;C:\Users\yacou.kone\.m2\repository\org\springframework\spring-expression\5.3.8\spring-expression-5.3.8.jar;C:\Users\yacou.kone\.m2\repository\org\json\json\20080701\json-20080701.jar;C:\Users\yacou.kone\.m2\repository\org\springframework\boot\spring-boot-starter-mail\2.5.2\spring-boot-starter-mail-2.5.2.jar;C:\Users\yacou.kone\.m2\repository\org\springframework\spring-context-support\5.3.8\spring-context-support-5.3.8.jar;C:\Users\yacou.kone\.m2\repository\com\sun\mail\jakarta.mail\1.6.7\jakarta.mail-1.6.7.jar;C:\Users\yacou.kone\.m2\repository\com\sun\activation\jakarta.activation\1.2.2\jakarta.activation-1.2.2.jar;C:\Users\yacou.kone\.m2\repository\org\springframework\boot\spring-boot-devtools\2.5.2\spring-boot-devtools-2.5.2.jar;C:\Users\yacou.kone\.m2\repository\org\springframework\boot\spring-boot\2.5.2\spring-boot-2.5.2.jar;C:\Users\yacou.kone\.m2\repository\org\springframework\boot\spring-boot-autoconfigure\2.5.2\spring-boot-autoconfigure-2.5.2.jar;C:\Users\yacou.kone\.m2\repository\org\postgresql\postgresql\42.2.22\postgresql-42.2.22.jar;C:\Users\yacou.kone\.m2\repository\org\checkerframework\checker-qual\3.5.0\checker-qual-3.5.0.jar;C:\Users\yacou.kone\.m2\repository\mysql\mysql-connector-java\8.0.25\mysql-connector-java-8.0.25.jar;C:\Users\yacou.kone\.m2\repository\org\apache\commons\commons-lang3\3.12.0\commons-lang3-3.12.0.jar;C:\Users\yacou.kone\.m2\repository\org\springframework\boot\spring-boot-starter-tomcat\2.5.2\spring-boot-starter-tomcat-2.5.2.jar;C:\Users\yacou.kone\.m2\repository\jakarta\annotation\jakarta.annotation-api\1.3.5\jakarta.annotation-api-1.3.5.jar;C:\Users\yacou.kone\.m2\repository\org\apache\tomcat\embed\tomcat-embed-core\9.0.54\tomcat-embed-core-9.0.54.jar;C:\Users\yacou.kone\.m2\repository\org\apache\tomcat\embed\tomcat-embed-el\9.0.54\tomcat-embed-el-9.0.54.jar;C:\Users\yacou.kone\.m2\repository\org\apache\tomcat\embed\tomcat-embed-websocket\9.0.54\tomcat-embed-websocket-9.0.54.jar;C:\Users\yacou.kone\.m2\repository\io\springfox\springfox-swagger2\2.7.0\springfox-swagger2-2.7.0.jar;C:\Users\yacou.kone\.m2\repository\io\swagger\swagger-annotations\1.5.13\swagger-annotations-1.5.13.jar;C:\Users\yacou.kone\.m2\repository\io\swagger\swagger-models\1.5.13\swagger-models-1.5.13.jar;C:\Users\yacou.kone\.m2\repository\com\fasterxml\jackson\core\jackson-annotations\2.12.3\jackson-annotations-2.12.3.jar;C:\Users\yacou.kone\.m2\repository\io\springfox\springfox-spi\2.7.0\springfox-spi-2.7.0.jar;C:\Users\yacou.kone\.m2\repository\io\springfox\springfox-core\2.7.0\springfox-core-2.7.0.jar;C:\Users\yacou.kone\.m2\repository\io\springfox\springfox-schema\2.7.0\springfox-schema-2.7.0.jar;C:\Users\yacou.kone\.m2\repository\io\springfox\springfox-swagger-common\2.7.0\springfox-swagger-common-2.7.0.jar;C:\Users\yacou.kone\.m2\repository\io\springfox\springfox-spring-web\2.7.0\springfox-spring-web-2.7.0.jar;C:\Users\yacou.kone\.m2\repository\org\reflections\reflections\0.9.11\reflections-0.9.11.jar;C:\Users\yacou.kone\.m2\repository\com\google\guava\guava\18.0\guava-18.0.jar;C:\Users\yacou.kone\.m2\repository\com\fasterxml\classmate\1.5.1\classmate-1.5.1.jar;C:\Users\yacou.kone\.m2\repository\org\slf4j\slf4j-api\1.7.31\slf4j-api-1.7.31.jar;C:\Users\yacou.kone\.m2\repository\org\springframework\plugin\spring-plugin-core\1.2.0.RELEASE\spring-plugin-core-1.2.0.RELEASE.jar;C:\Users\yacou.kone\.m2\repository\org\springframework\plugin\spring-plugin-metadata\1.2.0.RELEASE\spring-plugin-metadata-1.2.0.RELEASE.jar;C:\Users\yacou.kone\.m2\repository\org\mapstruct\mapstruct\1.1.0.Final\mapstruct-1.1.0.Final.jar;C:\Users\yacou.kone\.m2\repository\io\springfox\springfox-swagger-ui\2.7.0\springfox-swagger-ui-2.7.0.jar;C:\Users\yacou.kone\.m2\repository\org\springframework\boot\spring-boot-starter-security\2.5.2\spring-boot-starter-security-2.5.2.jar;C:\Users\yacou.kone\.m2\repository\org\springframework\spring-aop\5.3.8\spring-aop-5.3.8.jar;C:\Users\yacou.kone\.m2\repository\org\springframework\security\spring-security-config\5.5.1\spring-security-config-5.5.1.jar;C:\Users\yacou.kone\.m2\repository\org\springframework\security\spring-security-core\5.5.1\spring-security-core-5.5.1.jar;C:\Users\yacou.kone\.m2\repository\org\springframework\security\spring-security-crypto\5.5.1\spring-security-crypto-5.5.1.jar;C:\Users\yacou.kone\.m2\repository\org\springframework\security\spring-security-web\5.5.1\spring-security-web-5.5.1.jar;C:\Users\yacou.kone\.m2\repository\io\jsonwebtoken\jjwt\0.9.1\jjwt-0.9.1.jar;C:\Users\yacou.kone\.m2\repository\com\fasterxml\jackson\core\jackson-databind\2.12.3\jackson-databind-2.12.3.jar;C:\Users\yacou.kone\.m2\repository\com\fasterxml\jackson\core\jackson-core\2.12.3\jackson-core-2.12.3.jar;C:\Users\yacou.kone\.m2\repository\jakarta\xml\bind\jakarta.xml.bind-api\2.3.3\jakarta.xml.bind-api-2.3.3.jar;C:\Users\yacou.kone\.m2\repository\jakarta\activation\jakarta.activation-api\1.2.2\jakarta.activation-api-1.2.2.jar;C:\Users\yacou.kone\.m2\repository\org\springframework\spring-core\5.3.8\spring-core-5.3.8.jar;C:\Users\yacou.kone\.m2\repository\org\springframework\spring-jcl\5.3.8\spring-jcl-5.3.8.jar;C:\Users\yacou.kone\.m2\repository\org\projectlombok\lombok\1.18.20\lombok-1.18.20.jar
Launcher Type: SUN_STANDARD

[Global flags]
     intx CICompilerCount                          = 4                                         {product} {ergonomic}
     uint ConcGCThreads                            = 2                                         {product} {ergonomic}
     uint G1ConcRefinementThreads                  = 8                                         {product} {ergonomic}
   size_t G1HeapRegionSize                         = 2097152                                   {product} {ergonomic}
    uintx GCDrainStackTargetSize                   = 64                                        {product} {ergonomic}
   size_t InitialHeapSize                          = 266338304                                 {product} {ergonomic}
     bool ManagementServer                         = true                                      {product} {command line}
   size_t MarkStackSize                            = 4194304                                   {product} {ergonomic}
   size_t MaxHeapSize                              = 4229955584                                {product} {ergonomic}
   size_t MinHeapDeltaBytes                        = 2097152                                   {product} {ergonomic}
   size_t MinHeapSize                              = 8388608                                   {product} {ergonomic}
    uintx NonProfiledCodeHeapSize                  = 0                                      {pd product} {ergonomic}
     bool ProfileInterpreter                       = false                                  {pd product} {command line}
    uintx ProfiledCodeHeapSize                     = 0                                      {pd product} {ergonomic}
     bool ShowCodeDetailsInExceptionMessages       = true                                   {manageable} {command line}
   size_t SoftMaxHeapSize                          = 4229955584                             {manageable} {ergonomic}
     intx TieredStopAtLevel                        = 1                                         {product} {command line}
     bool UseCompressedClassPointers               = true                           {product lp64_product} {ergonomic}
     bool UseCompressedOops                        = true                           {product lp64_product} {ergonomic}
     bool UseG1GC                                  = true                                      {product} {ergonomic}
     bool UseLargePagesIndividualAllocation        = false                                  {pd product} {ergonomic}

Logging:
Log output configuration:
 #0: stdout all=warning uptime,level,tags foldmultilines=false
 #1: stderr all=off uptime,level,tags foldmultilines=false

Environment Variables:
JAVA_HOME=C:\Program Files\Java\jdk1.8.0_341
PATH=C:/Users/yacou.kone/.p2/pool/plugins/org.eclipse.justj.openjdk.hotspot.jre.full.win32.x86_64_18.0.1.v20220515-1614/jre/bin/server;C:/Users/yacou.kone/.p2/pool/plugins/org.eclipse.justj.openjdk.hotspot.jre.full.win32.x86_64_18.0.1.v20220515-1614/jre/bin;C:\Program Files\Common Files\Oracle\Java\javapath;C:\Program Files (x86)\Common Files\Oracle\Java\javapath;C:\Oracle\product\10.2.0\db_1\bin;C:\Oracle19C\bin;C:\OracleClient11G;C:\Oracle\product\11.2.0\dbhome_1\bin;C:\Oracle\product\11.2.0\client_1\bin;C:\Python39\Scripts\;C:\Python39\;C:\Program Files\Microsoft MPI\Bin\;C:\DevSuiteHome_1\jdk\jre\bin\classic;C:\DevSuiteHome_1\jdk\jre\bin;C:\DevSuiteHome_1\jdk\jre\bin\client;C:\DevSuiteHome_1\jlib;C:\DevSuiteHome_1\bin;C:\DevSuiteHome_1\jre\1.4.2\bin\client;C:\DevSuiteHome_1\jre\1.4.2\bin;C:\Program Files\avs\bin;C:\Program Files\avs\bin32;C:\WINDOWS\system32;C:\WINDOWS;C:\WINDOWS\System32\Wbem;C:\WINDOWS\System32\WindowsPowerShell\v1.0\;C:\WINDOWS\System32\OpenSSH\;C:\Program Files (x86)\Kaspersky Lab\Endpoint Agent\;C:\Program Files\dotnet\;C:\Program Files\Microsoft SQL Server\130\Tools\Binn\;C:\Program Files\Microsoft SQL Server\Client SDK\ODBC\170\Tools\Binn\;C:\Program Files (x86)\Microsoft SQL Server\150\DTS\Binn\;C:\Program Files (x86)\Microsoft SQL Server\130\Tools\Binn\;C:\Program Files (x86)\Microsoft SQL Server\130\DTS\Binn\;C:\Program Files\Microsoft SQL Server\130\DTS\Binn\;C:\Program Files\Microsoft SQL Server\Client SDK\ODBC\130\Tools\Binn\;C:\wamp64\bin\php\php7.4.9;C:\composer;C:\ProgramData\chocolatey\bin;C:\Maven2\apache-maven-3.8.3\bin;C:\Program Files\Java\jdk1.8.0_341\bin;C:\flutter\bin;C:\Program Files\nodejs\;D:\Serverus JEE\payara5\glassfish\bin;C:\Program Files\Java\jdk1.8.0_341;C:\Program Files\Git\cmd;C:\Program Files\Docker\Docker\resources\bin;C:\Users\yacou.kone\AppData\Local\Microsoft\WindowsApps;;C:\Users\yacou.kone\AppData\Local\Programs\Microsoft VS Code\bin;C:\Users\yacou.kone\.dotnet\tools;C:\Users\yacou.kone\AppData\Roaming\Composer\vendor\bin;C:\Users\yacou.kone\AppData\Roaming\npm;C:\eclipse\jee-2022-09\eclipse;
USERNAME=yacou.kone
OS=Windows_NT
PROCESSOR_IDENTIFIER=Intel64 Family 6 Model 142 Stepping 12, GenuineIntel



---------------  S Y S T E M  ---------------

OS:
 Windows 10 , 64 bit Build 19041 (10.0.19041.2251)
OS uptime: 7 days 7:18 hours
Hyper-V role detected

CPU: total 8 (initial active 8) (4 cores per cpu, 2 threads per core) family 6 model 142 stepping 12 microcode 0xf0, cx8, cmov, fxsr, ht, mmx, 3dnowpref, sse, sse2, sse3, ssse3, sse4.1, sse4.2, popcnt, lzcnt, tsc, tscinvbit, avx, avx2, aes, erms, clmul, bmi1, bmi2, adx, fma, vzeroupper, clflush, clflushopt, hv

Memory: 4k page, system-wide physical 16134M (2544M free)
TotalPageFile size 21254M (AvailPageFile size 212M)
current process WorkingSet (physical memory assigned to process): 10M, peak: 10M
current process commit charge ("private bytes"): 55M, peak: 309M

vm_info: OpenJDK 64-Bit Server VM (18.0.1+10) for windows-amd64 JRE (18.0.1+10), built on Apr 20 2022 05:04:48 by "" with MS VC++ 16.7 (VS2019)

END.
